Copyright 1986-2018 Xilinx, Inc. All Rights Reserved.
----------------------------------------------------------------------------------------------------------------------------------------------------------------
| Tool Version     : Vivado v.2018.3 (win64) Build 2405991 Thu Dec  6 23:38:27 MST 2018
| Date             : Tue Aug 27 20:05:02 2019
| Host             : Vrael running 64-bit major release  (build 9200)
| Command          : report_power -file system_wrapper_power_routed.rpt -pb system_wrapper_power_summary_routed.pb -rpx system_wrapper_power_routed.rpx
| Design           : system_wrapper
| Device           : xc7a35tcpg236-1
| Design State     : routed
| Grade            : commercial
| Process          : typical
| Characterization : Production
----------------------------------------------------------------------------------------------------------------------------------------------------------------

Power Report

Table of Contents
-----------------
1. Summary
1.1 On-Chip Components
1.2 Power Supply Summary
1.3 Confidence Level
2. Settings
2.1 Environment
2.2 Clock Constraints
3. Detailed Reports
3.1 By Hierarchy

1. Summary
----------

+--------------------------+--------------+
| Total On-Chip Power (W)  | 0.215        |
| Design Power Budget (W)  | Unspecified* |
| Power Budget Margin (W)  | NA           |
| Dynamic (W)              | 0.141        |
| Device Static (W)        | 0.073        |
| Effective TJA (C/W)      | 5.0          |
| Max Ambient (C)          | 83.9         |
| Junction Temperature (C) | 26.1         |
| Confidence Level         | Low          |
| Setting File             | ---          |
| Simulation Activity File | ---          |
| Design Nets Matched      | NA           |
+--------------------------+--------------+
* Specify Design Power Budget using, set_operating_conditions -design_power_budget <value in Watts>


1.1 On-Chip Components
----------------------

+--------------------------+-----------+----------+-----------+-----------------+
| On-Chip                  | Power (W) | Used     | Available | Utilization (%) |
+--------------------------+-----------+----------+-----------+-----------------+
| Clocks                   |     0.013 |        8 |       --- |             --- |
| Slice Logic              |     0.004 |     8329 |       --- |             --- |
|   LUT as Logic           |     0.003 |     2635 |     20800 |           12.67 |
|   LUT as Distributed RAM |    <0.001 |      112 |      9600 |            1.17 |
|   Register               |    <0.001 |     3626 |     41600 |            8.72 |
|   CARRY4                 |    <0.001 |      211 |      8150 |            2.59 |
|   F7/F8 Muxes            |    <0.001 |      143 |     32600 |            0.44 |
|   LUT as Shift Register  |    <0.001 |       75 |      9600 |            0.78 |
|   Others                 |    <0.001 |      601 |       --- |             --- |
| Signals                  |     0.009 |     5629 |       --- |             --- |
| Block RAM                |     0.007 |       32 |        50 |           64.00 |
| MMCM                     |     0.106 |        1 |         5 |           20.00 |
| I/O                      |     0.002 |       20 |       106 |           18.87 |
| Static Power             |     0.073 |          |           |                 |
| Total                    |     0.215 |          |           |                 |
+--------------------------+-----------+----------+-----------+-----------------+


1.2 Power Supply Summary
------------------------

+-----------+-------------+-----------+-------------+------------+
| Source    | Voltage (V) | Total (A) | Dynamic (A) | Static (A) |
+-----------+-------------+-----------+-------------+------------+
| Vccint    |       1.000 |     0.044 |       0.033 |      0.011 |
| Vccaux    |       1.800 |     0.071 |       0.059 |      0.013 |
| Vcco33    |       3.300 |     0.002 |       0.001 |      0.001 |
| Vcco25    |       2.500 |     0.000 |       0.000 |      0.000 |
| Vcco18    |       1.800 |     0.000 |       0.000 |      0.000 |
| Vcco15    |       1.500 |     0.000 |       0.000 |      0.000 |
| Vcco135   |       1.350 |     0.000 |       0.000 |      0.000 |
| Vcco12    |       1.200 |     0.000 |       0.000 |      0.000 |
| Vccaux_io |       1.800 |     0.000 |       0.000 |      0.000 |
| Vccbram   |       1.000 |     0.002 |       0.001 |      0.001 |
| MGTAVcc   |       1.000 |     0.000 |       0.000 |      0.000 |
| MGTAVtt   |       1.200 |     0.000 |       0.000 |      0.000 |
| Vccadc    |       1.800 |     0.020 |       0.000 |      0.020 |
+-----------+-------------+-----------+-------------+------------+


1.3 Confidence Level
--------------------

+-----------------------------+------------+--------------------------------------------------------+------------------------------------------------------------------------------------------------------------+
| User Input Data             | Confidence | Details                                                | Action                                                                                                     |
+-----------------------------+------------+--------------------------------------------------------+------------------------------------------------------------------------------------------------------------+
| Design implementation state | High       | Design is routed                                       |                                                                                                            |
| Clock nodes activity        | High       | User specified more than 95% of clocks                 |                                                                                                            |
| I/O nodes activity          | Low        | More than 75% of inputs are missing user specification | Provide missing input activity with simulation results or by editing the "By Resource Type -> I/Os" view   |
| Internal nodes activity     | Medium     | User specified less than 25% of internal nodes         | Provide missing internal nodes activity with simulation results or by editing the "By Resource Type" views |
| Device models               | High       | Device models are Production                           |                                                                                                            |
|                             |            |                                                        |                                                                                                            |
| Overall confidence level    | Low        |                                                        |                                                                                                            |
+-----------------------------+------------+--------------------------------------------------------+------------------------------------------------------------------------------------------------------------+


2. Settings
-----------

2.1 Environment
---------------

+-----------------------+--------------------------+
| Ambient Temp (C)      | 25.0                     |
| ThetaJA (C/W)         | 5.0                      |
| Airflow (LFM)         | 250                      |
| Heat Sink             | medium (Medium Profile)  |
| ThetaSA (C/W)         | 4.6                      |
| Board Selection       | medium (10"x10")         |
| # of Board Layers     | 12to15 (12 to 15 Layers) |
| Board Temperature (C) | 25.0                     |
+-----------------------+--------------------------+


2.2 Clock Constraints
---------------------

+----------------------------------------------------------+------------------------------------------------------+-----------------+
| Clock                                                    | Domain                                               | Constraint (ns) |
+----------------------------------------------------------+------------------------------------------------------+-----------------+
| clk100MHz_system_clk_wiz_0_0                             | system_i/clk_wiz_0/inst/clk100MHz_system_clk_wiz_0_0 |            10.0 |
| clk40MHz_system_clk_wiz_0_0                              | system_i/clk_wiz_0/inst/clk40MHz_system_clk_wiz_0_0  |            25.0 |
| clkfbout_system_clk_wiz_0_0                              | system_i/clk_wiz_0/inst/clkfbout_system_clk_wiz_0_0  |            10.0 |
| sys_clock                                                | sys_clock                                            |            10.0 |
| system_i/mdm_1/U0/Use_E2.BSCAN_I/Use_E2.BSCANE2_I/DRCK   | system_i/mdm_1/U0/Use_E2.BSCAN_I/DRCK                |            33.3 |
| system_i/mdm_1/U0/Use_E2.BSCAN_I/Use_E2.BSCANE2_I/UPDATE | system_i/mdm_1/U0/Use_E2.BSCAN_I/Dbg_Update_0        |            33.3 |
+----------------------------------------------------------+------------------------------------------------------+-----------------+


3. Detailed Reports
-------------------

3.1 By Hierarchy
----------------

+-------------------------------+-----------+
| Name                          | Power (W) |
+-------------------------------+-----------+
| system_wrapper                |     0.141 |
|   system_i                    |     0.139 |
|     VGA_SQUAREDRAW_0          |     0.002 |
|       inst                    |     0.002 |
|     axi_ps2_0                 |     0.002 |
|       U0                      |     0.002 |
|     clk_wiz_0                 |     0.106 |
|       inst                    |     0.106 |
|     microblaze_0              |     0.015 |
|       U0                      |     0.015 |
|     microblaze_0_axi_intc     |     0.001 |
|       U0                      |     0.001 |
|     microblaze_0_axi_periph   |     0.002 |
|       m03_couplers            |     0.001 |
|     microblaze_0_local_memory |     0.008 |
|       lmb_bram                |     0.008 |
+-------------------------------+-----------+


