#
# There is insufficient memory for the Java Runtime Environment to continue.
# Native memory allocation (malloc) failed to allocate 370576 bytes for Chunk::new
# Possible reasons:
#   The system is out of physical RAM or swap space
#   The process is running with CompressedOops enabled, and the Java Heap may be blocking the growth of the native heap
# Possible solutions:
#   Reduce memory load on the system
#   Increase physical memory or swap space
#   Check if swap backing store is full
#   Decrease Java heap size (-Xmx/-Xms)
#   Decrease number of Java threads
#   Decrease Java thread stack sizes (-Xss)
#   Set larger code cache with -XX:ReservedCodeCacheSize=
#   JVM is running with Zero Based Compressed Oops mode in which the Java heap is
#     placed in the first 32GB address space. The Java Heap base address is the
#     maximum limit for the native heap growth. Please use -XX:HeapBaseMinAddress
#     to set the Java Heap base and to place the Java Heap above 32GB virtual address.
# This output file may be truncated or incomplete.
#
#  Out of Memory Error (t:/workspace/hotspot/src/share/vm/memory/allocation.cpp:372), pid=15572, tid=11636
#
# JRE version: Java(TM) SE Runtime Environment (9.0+11) (build 9.0.4+11)
# Java VM: Java HotSpot(TM) 64-Bit Server VM (9.0.4+11, mixed mode, tiered, compressed oops, g1 gc, windows-amd64)
# No core dump will be written. Minidumps are not enabled by default on client versions of Windows
#

---------------  S U M M A R Y ------------

Command Line: -Dsun.java2d.pmoffscreen=false -Dsun.java2d.xrender=false -Dsun.java2d.d3d=false -Dsun.awt.nopixfmt=true -Dsun.java2d.dpiaware=true -Dsun.java2d.uiScale.enabled=false -Xverify:none -Dswing.aatext=true -XX:-UsePerfData -Djdk.map.althashing.threshold=512 -XX:StringTableSize=4072 --add-opens=java.base/java.nio=ALL-UNNAMED --add-opens=java.desktop/sun.swing=ALL-UNNAMED --add-opens=java.desktop/javax.swing=ALL-UNNAMED --add-opens=java.desktop/javax.swing.tree=ALL-UNNAMED --add-opens=java.desktop/javax.swing.plaf.basic=ALL-UNNAMED --add-opens=java.desktop/javax.swing.plaf.synth=ALL-UNNAMED --add-opens=java.desktop/com.sun.awt=ALL-UNNAMED -XX:NewSize=60m -XX:MaxNewSize=60m -Xms128m -Xmx3072m -Xss5m 

Host: Intel(R) Core(TM) i5-4210H CPU @ 2.90GHz, 4 cores, 7G,  Windows 10 , 64 bit Build 18362 (10.0.18362.86)
Time: Fri Aug 23 23:37:26 2019 ?rodkowoeuropejski czas letni elapsed time: 105 seconds (0d 0h 1m 45s)

---------------  T H R E A D  ---------------

Current thread (0x0000024f1d4ec000):  JavaThread "C2 CompilerThread0" daemon [_thread_in_native, id=11636, stack(0x000000fe76500000,0x000000fe76600000)]


Current CompileTask:
C2: 105038 13723       4       javax.swing.JComponent::setToolTipText (38 bytes)

Stack: [0x000000fe76500000,0x000000fe76600000]
Native frames: (J=compiled Java code, j=interpreted, Vv=VM code, C=native code)
V  [jvm.dll+0x587068]


---------------  P R O C E S S  ---------------

Java Threads: ( => current thread )
  0x0000024f4a870000 JavaThread "Run Simulation" [_thread_blocked, id=1164, stack(0x000000fe7cd00000,0x000000fe7d200000)]
  0x0000024f4a86f800 JavaThread "Thread-28" [_thread_in_native, id=11764, stack(0x000000fe7b200000,0x000000fe7b300000)]
  0x0000024f1d747800 JavaThread "SyntheticaAnimation 50" daemon [_thread_blocked, id=7344, stack(0x000000fe7b900000,0x000000fe7be00000)]
  0x0000024f4a86b000 JavaThread "hw_ila_monitor" [_thread_blocked, id=13544, stack(0x000000fe7c800000,0x000000fe7cd00000)]
  0x0000024f4a868000 JavaThread "Update Runs Swing Worker" [_thread_blocked, id=16208, stack(0x000000fe7c300000,0x000000fe7c800000)]
  0x0000024f4a86e800 JavaThread "Refresh Filesets Swing Worker" [_thread_blocked, id=3144, stack(0x000000fe78c00000,0x000000fe79100000)]
  0x0000024f1d744800 JavaThread "SyntheticaAnimation 70" daemon [_thread_blocked, id=15556, stack(0x000000fe7be00000,0x000000fe7c300000)]
  0x0000024f1d747000 JavaThread "SyntheticaAnimation 25" daemon [_thread_blocked, id=528, stack(0x000000fe77d00000,0x000000fe78200000)]
  0x0000024f1d743000 JavaThread "SyntheticaAnimation 50" daemon [_thread_blocked, id=16188, stack(0x000000fe7ad00000,0x000000fe7b200000)]
  0x0000024f1d746000 JavaThread "Monitor HEventQueue" [_thread_blocked, id=6984, stack(0x000000fe7a800000,0x000000fe7ad00000)]
  0x0000024f1d744000 JavaThread "Batik CleanerThread" daemon [_thread_blocked, id=10216, stack(0x000000fe7b400000,0x000000fe7b900000)]
  0x0000024f1d741000 JavaThread "SyntheticaCleanerThread" daemon [_thread_blocked, id=6976, stack(0x000000fe7a000000,0x000000fe7a500000)]
  0x0000024f41e93000 JavaThread "Process Messages" [_thread_blocked, id=14612, stack(0x000000fe79b00000,0x000000fe7a000000)]
  0x0000024f407e7000 JavaThread "Thread-1" [_thread_in_native, id=7444, stack(0x000000fe72e00000,0x000000fe74200000)]
  0x0000024f41bb0000 JavaThread "AWT-EventQueue-0" [_thread_in_Java, id=8720, stack(0x000000fe79600000,0x000000fe79b00000)]
  0x0000024f41e95000 JavaThread "AWT-Shutdown" [_thread_blocked, id=1792, stack(0x000000fe79100000,0x000000fe79600000)]
  0x0000024f41aa7800 JavaThread "TimerQueue" daemon [_thread_blocked, id=9420, stack(0x000000fe78700000,0x000000fe78c00000)]
  0x0000024f401e5800 JavaThread "AWT-Windows" daemon [_thread_in_native, id=15792, stack(0x000000fe78200000,0x000000fe78700000)]
  0x0000024f3ff6b000 JavaThread "Java2D Disposer" daemon [_thread_blocked, id=4084, stack(0x000000fe77800000,0x000000fe77d00000)]
  0x0000024f1c825800 JavaThread "Service Thread" daemon [_thread_blocked, id=12424, stack(0x000000fe77200000,0x000000fe77700000)]
  0x0000024f1b4d5000 JavaThread "Common-Cleaner" daemon [_thread_blocked, id=15224, stack(0x000000fe76d00000,0x000000fe77200000)]
  0x0000024f1d741800 JavaThread "Sweeper thread" daemon [_thread_blocked, id=5928, stack(0x000000fe76800000,0x000000fe76d00000)]
  0x0000024f1d73f800 JavaThread "C1 CompilerThread2" daemon [_thread_blocked, id=324, stack(0x000000fe76700000,0x000000fe76800000)]
  0x0000024f17481000 JavaThread "C2 CompilerThread1" daemon [_thread_in_native, id=5480, stack(0x000000fe76600000,0x000000fe76700000)]
=>0x0000024f1d4ec000 JavaThread "C2 CompilerThread0" daemon [_thread_in_native, id=11636, stack(0x000000fe76500000,0x000000fe76600000)]
  0x0000024f17480800 JavaThread "Attach Listener" daemon [_thread_blocked, id=9164, stack(0x000000fe76000000,0x000000fe76500000)]
  0x0000024f1c5c9000 JavaThread "Signal Dispatcher" daemon [_thread_blocked, id=432, stack(0x000000fe75b00000,0x000000fe76000000)]
  0x0000024f1ce21000 JavaThread "Finalizer" daemon [_thread_blocked, id=15920, stack(0x000000fe75600000,0x000000fe75b00000)]
  0x0000024f1ee2e000 JavaThread "Reference Handler" daemon [_thread_blocked, id=12352, stack(0x000000fe75100000,0x000000fe75600000)]
  0x0000024f1b9d4000 JavaThread "main" [_thread_blocked, id=8232, stack(0x000000fe72d00000,0x000000fe72e00000)]

Other Threads:
  0x0000024f1dcf3800 VMThread "VM Thread" [stack: 0x000000fe75000000,0x000000fe75100000] [id=1768]
  0x0000024f1ba7d800 WatcherThread [stack: 0x000000fe77700000,0x000000fe77800000] [id=15212]
  0x0000024f1d241800 GCTaskThread "GC Thread#0" [stack: 0x000000fe74500000,0x000000fe74600000] [id=15032]
  0x0000024f1ba52800 GCTaskThread "GC Thread#1" [stack: 0x000000fe74600000,0x000000fe74700000] [id=14152]
  0x0000024f1b4d8800 GCTaskThread "GC Thread#2" [stack: 0x000000fe74700000,0x000000fe74800000] [id=13636]
  0x0000024f1b2e6800 GCTaskThread "GC Thread#3" [stack: 0x000000fe74800000,0x000000fe74900000] [id=14344]
  0x0000024f1b25e800 ConcurrentGCThread "G1 Main Marker" [stack: 0x000000fe74e00000,0x000000fe74f00000] [id=1580]
  0x0000024f1b453800 ConcurrentGCThread "G1 Marker#0" [stack: 0x000000fe74f00000,0x000000fe75000000] [id=8568]
  0x0000024f1b5b7800 ConcurrentGCThread "G1 Refine#0" [stack: 0x000000fe74c00000,0x000000fe74d00000] [id=7552]
  0x0000024f1b9ff000 ConcurrentGCThread "G1 Refine#1" [stack: 0x000000fe74b00000,0x000000fe74c00000] [id=15452]
  0x0000024f1c7cb800 ConcurrentGCThread "G1 Refine#2" [stack: 0x000000fe74a00000,0x000000fe74b00000] [id=5472]
  0x0000024f1c7f4800 ConcurrentGCThread "G1 Refine#3" [stack: 0x000000fe74900000,0x000000fe74a00000] [id=7016]
  0x0000024f185a1800 ConcurrentGCThread "G1 Young RemSet Sampling" [stack: 0x000000fe74d00000,0x000000fe74e00000] [id=1396]

Threads with active compile tasks:
C2 CompilerThread013723       4       javax.swing.JComponent::setToolTipText (38 bytes)

VM state:not at safepoint (normal execution)

VM Mutex/Monitor currently owned by a thread: None

Heap address: 0x0000000700000000, size: 3072 MB, Compressed Oops mode: Zero based, Oop shift amount: 3
Narrow klass base: 0x0000000000000000, Narrow klass shift: 3
Compressed class space size: 1073741824 Address: 0x00000007c0000000

Heap:
 garbage-first heap   total 168960K, used 85814K [0x0000000700000000, 0x0000000700100528, 0x00000007c0000000)
  region size 1024K, 30 young (30720K), 0 survivors (0K)
 Metaspace       used 71973K, capacity 76383K, committed 76412K, reserved 1114112K
  class space    used 10091K, capacity 10868K, committed 10876K, reserved 1048576K
Heap Regions: E=young(eden), S=young(survivor), O=old, HS=humongous(starts), HC=humongous(continues), CS=collection set, F=free, A=archive, TS=gc time stamp, AC=allocation context, TAMS=top-at-mark-start (previous, next)
|   0|0x0000000700000000, 0x00000007000ee5d0, 0x0000000700100000| 93%| O|  |TS  0|AC  0|TAMS 0x0000000700000000, 0x0000000700000000|
|   1|0x0000000700100000, 0x0000000700200000, 0x0000000700200000|100%|HS|  |TS  0|AC  0|TAMS 0x0000000700100000, 0x0000000700100000|
|   2|0x0000000700200000, 0x0000000700300000, 0x0000000700300000|100%|HC|  |TS  0|AC  0|TAMS 0x0000000700200000, 0x0000000700200000|
|   3|0x0000000700300000, 0x0000000700400000, 0x0000000700400000|100%|HS|  |TS  0|AC  0|TAMS 0x0000000700300000, 0x0000000700300000|
|   4|0x0000000700400000, 0x0000000700500000, 0x0000000700500000|100%| O|  |TS  0|AC  0|TAMS 0x0000000700400000, 0x0000000700400000|
|   5|0x0000000700500000, 0x00000007005fffc0, 0x0000000700600000| 99%| O|  |TS  0|AC  0|TAMS 0x0000000700500000, 0x0000000700500000|
|   6|0x0000000700600000, 0x00000007006fffe0, 0x0000000700700000| 99%| O|  |TS  0|AC  0|TAMS 0x0000000700600000, 0x0000000700600000|
|   7|0x0000000700700000, 0x00000007007fb480, 0x0000000700800000| 98%| O|  |TS  0|AC  0|TAMS 0x0000000700700000, 0x0000000700700000|
|   8|0x0000000700800000, 0x00000007008db788, 0x0000000700900000| 85%| O|  |TS  0|AC  0|TAMS 0x0000000700800000, 0x0000000700800000|
|   9|0x0000000700900000, 0x00000007009fd918, 0x0000000700a00000| 99%| O|  |TS  0|AC  0|TAMS 0x0000000700900000, 0x0000000700900000|
|  10|0x0000000700a00000, 0x0000000700affff0, 0x0000000700b00000| 99%| O|  |TS  0|AC  0|TAMS 0x0000000700a00000, 0x0000000700a00000|
|  11|0x0000000700b00000, 0x0000000700bd17e8, 0x0000000700c00000| 81%| O|  |TS  0|AC  0|TAMS 0x0000000700b00000, 0x0000000700b00000|
|  12|0x0000000700c00000, 0x0000000700cf7838, 0x0000000700d00000| 96%| O|  |TS  0|AC  0|TAMS 0x0000000700c00000, 0x0000000700c00000|
|  13|0x0000000700d00000, 0x0000000700df8d70, 0x0000000700e00000| 97%| O|  |TS  0|AC  0|TAMS 0x0000000700d00000, 0x0000000700d00000|
|  14|0x0000000700e00000, 0x0000000700effff8, 0x0000000700f00000| 99%| O|  |TS  0|AC  0|TAMS 0x0000000700e00000, 0x0000000700e00000|
|  15|0x0000000700f00000, 0x0000000700ff0840, 0x0000000701000000| 93%| O|  |TS  0|AC  0|TAMS 0x0000000700f00000, 0x0000000700f00000|
|  16|0x0000000701000000, 0x000000070109c860, 0x0000000701100000| 61%| O|  |TS  0|AC  0|TAMS 0x0000000701000000, 0x0000000701000000|
|  17|0x0000000701100000, 0x00000007011fffd0, 0x0000000701200000| 99%| O|  |TS  0|AC  0|TAMS 0x0000000701100000, 0x0000000701100000|
|  18|0x0000000701200000, 0x00000007012ffff0, 0x0000000701300000| 99%| O|  |TS  0|AC  0|TAMS 0x0000000701200000, 0x0000000701200000|
|  19|0x0000000701300000, 0x00000007013ffff8, 0x0000000701400000| 99%| O|  |TS  0|AC  0|TAMS 0x0000000701300000, 0x0000000701300000|
|  20|0x0000000701400000, 0x0000000701500000, 0x0000000701500000|100%| O|  |TS  0|AC  0|TAMS 0x0000000701400000, 0x0000000701400000|
|  21|0x0000000701500000, 0x00000007015fffb0, 0x0000000701600000| 99%| O|  |TS  0|AC  0|TAMS 0x0000000701500000, 0x0000000701500000|
|  22|0x0000000701600000, 0x0000000701700000, 0x0000000701700000|100%| O|  |TS  0|AC  0|TAMS 0x0000000701600000, 0x0000000701600000|
|  23|0x0000000701700000, 0x00000007017ffde0, 0x0000000701800000| 99%| O|  |TS  0|AC  0|TAMS 0x0000000701700000, 0x0000000701700000|
|  24|0x0000000701800000, 0x0000000701900000, 0x0000000701900000|100%| O|  |TS  0|AC  0|TAMS 0x0000000701800000, 0x0000000701800000|
|  25|0x0000000701900000, 0x00000007019fffe0, 0x0000000701a00000| 99%| O|  |TS  0|AC  0|TAMS 0x0000000701900000, 0x0000000701900000|
|  26|0x0000000701a00000, 0x0000000701affff0, 0x0000000701b00000| 99%| O|  |TS  0|AC  0|TAMS 0x0000000701a00000, 0x0000000701a00000|
|  27|0x0000000701b00000, 0x0000000701bffff8, 0x0000000701c00000| 99%| O|  |TS  0|AC  0|TAMS 0x0000000701b00000, 0x0000000701b00000|
|  28|0x0000000701c00000, 0x0000000701cfffe0, 0x0000000701d00000| 99%| O|  |TS  0|AC  0|TAMS 0x0000000701c00000, 0x0000000701c00000|
|  29|0x0000000701d00000, 0x0000000701e00000, 0x0000000701e00000|100%| O|  |TS  0|AC  0|TAMS 0x0000000701d00000, 0x0000000701d00000|
|  30|0x0000000701e00000, 0x0000000701effff8, 0x0000000701f00000| 99%| O|  |TS  0|AC  0|TAMS 0x0000000701e00000, 0x0000000701e00000|
|  31|0x0000000701f00000, 0x0000000701ffffe8, 0x0000000702000000| 99%| O|  |TS  0|AC  0|TAMS 0x0000000701f00000, 0x0000000701f00000|
|  32|0x0000000702000000, 0x00000007020ffff8, 0x0000000702100000| 99%| O|  |TS  0|AC  0|TAMS 0x0000000702000000, 0x0000000702000000|
|  33|0x0000000702100000, 0x00000007021f54b0, 0x0000000702200000| 95%| O|  |TS  0|AC  0|TAMS 0x0000000702100000, 0x0000000702100000|
|  34|0x0000000702200000, 0x0000000702300000, 0x0000000702300000|100%|HS|  |TS  0|AC  0|TAMS 0x0000000702200000, 0x0000000702200000|
|  35|0x0000000702300000, 0x0000000702400000, 0x0000000702400000|100%|HC|  |TS  0|AC  0|TAMS 0x0000000702300000, 0x0000000702300000|
|  36|0x0000000702400000, 0x0000000702500000, 0x0000000702500000|100%|HC|  |TS  0|AC  0|TAMS 0x0000000702400000, 0x0000000702400000|
|  37|0x0000000702500000, 0x0000000702600000, 0x0000000702600000|100%|HC|  |TS  0|AC  0|TAMS 0x0000000702500000, 0x0000000702500000|
|  38|0x0000000702600000, 0x0000000702700000, 0x0000000702700000|100%|HC|  |TS  0|AC  0|TAMS 0x0000000702600000, 0x0000000702600000|
|  39|0x0000000702700000, 0x0000000702800000, 0x0000000702800000|100%|HC|  |TS  0|AC  0|TAMS 0x0000000702700000, 0x0000000702700000|
|  40|0x0000000702800000, 0x0000000702900000, 0x0000000702900000|100%|HC|  |TS  0|AC  0|TAMS 0x0000000702800000, 0x0000000702800000|
|  41|0x0000000702900000, 0x0000000702a00000, 0x0000000702a00000|100%|HC|  |TS  0|AC  0|TAMS 0x0000000702900000, 0x0000000702900000|
|  42|0x0000000702a00000, 0x0000000702b00000, 0x0000000702b00000|100%| O|  |TS  0|AC  0|TAMS 0x0000000702a00000, 0x0000000702a00000|
|  43|0x0000000702b00000, 0x0000000702bffff8, 0x0000000702c00000| 99%| O|  |TS  0|AC  0|TAMS 0x0000000702b00000, 0x0000000702b00000|
|  44|0x0000000702c00000, 0x0000000702cffdf0, 0x0000000702d00000| 99%| O|  |TS  0|AC  0|TAMS 0x0000000702c00000, 0x0000000702c00000|
|  45|0x0000000702d00000, 0x0000000702dffff0, 0x0000000702e00000| 99%| O|  |TS  0|AC  0|TAMS 0x0000000702d00000, 0x0000000702d00000|
|  46|0x0000000702e00000, 0x0000000702effff8, 0x0000000702f00000| 99%| O|  |TS  0|AC  0|TAMS 0x0000000702e00000, 0x0000000702e00000|
|  47|0x0000000702f00000, 0x0000000702fffc48, 0x0000000703000000| 99%| O|  |TS  0|AC  0|TAMS 0x0000000702f00000, 0x0000000702f00000|
|  48|0x0000000703000000, 0x0000000703100000, 0x0000000703100000|100%| O|  |TS  0|AC  0|TAMS 0x0000000703000000, 0x0000000703000000|
|  49|0x0000000703100000, 0x0000000703200000, 0x0000000703200000|100%| O|  |TS  0|AC  0|TAMS 0x0000000703100000, 0x0000000703100000|
|  50|0x0000000703200000, 0x00000007032ffee8, 0x0000000703300000| 99%| O|  |TS  0|AC  0|TAMS 0x0000000703200000, 0x0000000703200000|
|  51|0x0000000703300000, 0x00000007033fffe8, 0x0000000703400000| 99%| O|  |TS  0|AC  0|TAMS 0x0000000703300000, 0x0000000703300000|
|  52|0x0000000703400000, 0x00000007034ffe18, 0x0000000703500000| 99%| O|  |TS  0|AC  0|TAMS 0x0000000703400000, 0x0000000703400000|
|  53|0x0000000703500000, 0x00000007035c77f0, 0x0000000703600000| 77%| O|  |TS  0|AC  0|TAMS 0x0000000703500000, 0x0000000703500000|
|  54|0x0000000703600000, 0x0000000703600000, 0x0000000703700000|  0%| F|  |TS  0|AC  0|TAMS 0x0000000703600000, 0x0000000703600000|
|  55|0x0000000703700000, 0x0000000703800000, 0x0000000703800000|100%|HS|  |TS  0|AC  0|TAMS 0x0000000703700000, 0x0000000703700000|
|  56|0x0000000703800000, 0x0000000703900000, 0x0000000703900000|100%|HC|  |TS  0|AC  0|TAMS 0x0000000703800000, 0x0000000703800000|
|  57|0x0000000703900000, 0x0000000703900000, 0x0000000703a00000|  0%| F|  |TS  0|AC  0|TAMS 0x0000000703900000, 0x0000000703900000|
|  58|0x0000000703a00000, 0x0000000703a00000, 0x0000000703b00000|  0%| F|  |TS  0|AC  0|TAMS 0x0000000703a00000, 0x0000000703a00000|
|  59|0x0000000703b00000, 0x0000000703b00000, 0x0000000703c00000|  0%| F|  |TS  0|AC  0|TAMS 0x0000000703b00000, 0x0000000703b00000|
|  60|0x0000000703c00000, 0x0000000703c00000, 0x0000000703d00000|  0%| F|  |TS  0|AC  0|TAMS 0x0000000703c00000, 0x0000000703c00000|
|  61|0x0000000703d00000, 0x0000000703d00000, 0x0000000703e00000|  0%| F|  |TS  0|AC  0|TAMS 0x0000000703d00000, 0x0000000703d00000|
|  62|0x0000000703e00000, 0x0000000703e00000, 0x0000000703f00000|  0%| F|  |TS  0|AC  0|TAMS 0x0000000703e00000, 0x0000000703e00000|
|  63|0x0000000703f00000, 0x0000000703f00000, 0x0000000704000000|  0%| F|  |TS  0|AC  0|TAMS 0x0000000703f00000, 0x0000000703f00000|
|  64|0x0000000704000000, 0x0000000704000000, 0x0000000704100000|  0%| F|  |TS  0|AC  0|TAMS 0x0000000704000000, 0x0000000704000000|
|  65|0x0000000704100000, 0x0000000704100000, 0x0000000704200000|  0%| F|  |TS  0|AC  0|TAMS 0x0000000704100000, 0x0000000704100000|
|  66|0x0000000704200000, 0x0000000704200000, 0x0000000704300000|  0%| F|  |TS  0|AC  0|TAMS 0x0000000704200000, 0x0000000704200000|
|  67|0x0000000704300000, 0x0000000704300000, 0x0000000704400000|  0%| F|  |TS  0|AC  0|TAMS 0x0000000704300000, 0x0000000704300000|
|  68|0x0000000704400000, 0x0000000704400000, 0x0000000704500000|  0%| F|  |TS  0|AC  0|TAMS 0x0000000704400000, 0x0000000704400000|
|  69|0x0000000704500000, 0x0000000704500000, 0x0000000704600000|  0%| F|  |TS  0|AC  0|TAMS 0x0000000704500000, 0x0000000704500000|
|  70|0x0000000704600000, 0x0000000704600000, 0x0000000704700000|  0%| F|  |TS  0|AC  0|TAMS 0x0000000704600000, 0x0000000704600000|
|  71|0x0000000704700000, 0x0000000704700000, 0x0000000704800000|  0%| F|  |TS  0|AC  0|TAMS 0x0000000704700000, 0x0000000704700000|
|  72|0x0000000704800000, 0x0000000704800000, 0x0000000704900000|  0%| F|  |TS  0|AC  0|TAMS 0x0000000704800000, 0x0000000704800000|
|  73|0x0000000704900000, 0x0000000704900000, 0x0000000704a00000|  0%| F|  |TS  0|AC  0|TAMS 0x0000000704900000, 0x0000000704900000|
|  74|0x0000000704a00000, 0x0000000704a00000, 0x0000000704b00000|  0%| F|  |TS  0|AC  0|TAMS 0x0000000704a00000, 0x0000000704a00000|
|  75|0x0000000704b00000, 0x0000000704b00000, 0x0000000704c00000|  0%| F|  |TS  0|AC  0|TAMS 0x0000000704b00000, 0x0000000704b00000|
|  76|0x0000000704c00000, 0x0000000704c00000, 0x0000000704d00000|  0%| F|  |TS  0|AC  0|TAMS 0x0000000704c00000, 0x0000000704c00000|
|  77|0x0000000704d00000, 0x0000000704d00000, 0x0000000704e00000|  0%| F|  |TS  0|AC  0|TAMS 0x0000000704d00000, 0x0000000704d00000|
|  78|0x0000000704e00000, 0x0000000704e00000, 0x0000000704f00000|  0%| F|  |TS  0|AC  0|TAMS 0x0000000704e00000, 0x0000000704e00000|
|  79|0x0000000704f00000, 0x0000000704f00000, 0x0000000705000000|  0%| F|  |TS  0|AC  0|TAMS 0x0000000704f00000, 0x0000000704f00000|
|  80|0x0000000705000000, 0x0000000705000000, 0x0000000705100000|  0%| F|  |TS  0|AC  0|TAMS 0x0000000705000000, 0x0000000705000000|
|  81|0x0000000705100000, 0x0000000705100000, 0x0000000705200000|  0%| F|  |TS  0|AC  0|TAMS 0x0000000705100000, 0x0000000705100000|
|  82|0x0000000705200000, 0x0000000705200000, 0x0000000705300000|  0%| F|  |TS  0|AC  0|TAMS 0x0000000705200000, 0x0000000705200000|
|  83|0x0000000705300000, 0x0000000705300000, 0x0000000705400000|  0%| F|  |TS  0|AC  0|TAMS 0x0000000705300000, 0x0000000705300000|
|  84|0x0000000705400000, 0x0000000705400000, 0x0000000705500000|  0%| F|  |TS  0|AC  0|TAMS 0x0000000705400000, 0x0000000705400000|
|  85|0x0000000705500000, 0x0000000705500000, 0x0000000705600000|  0%| F|  |TS  0|AC  0|TAMS 0x0000000705500000, 0x0000000705500000|
|  86|0x0000000705600000, 0x0000000705600000, 0x0000000705700000|  0%| F|  |TS  0|AC  0|TAMS 0x0000000705600000, 0x0000000705600000|
|  87|0x0000000705700000, 0x0000000705700000, 0x0000000705800000|  0%| F|  |TS  0|AC  0|TAMS 0x0000000705700000, 0x0000000705700000|
|  88|0x0000000705800000, 0x0000000705800000, 0x0000000705900000|  0%| F|  |TS  0|AC  0|TAMS 0x0000000705800000, 0x0000000705800000|
|  89|0x0000000705900000, 0x0000000705900000, 0x0000000705a00000|  0%| F|  |TS  0|AC  0|TAMS 0x0000000705900000, 0x0000000705900000|
|  90|0x0000000705a00000, 0x0000000705a00000, 0x0000000705b00000|  0%| F|  |TS  0|AC  0|TAMS 0x0000000705a00000, 0x0000000705a00000|
|  91|0x0000000705b00000, 0x0000000705b00000, 0x0000000705c00000|  0%| F|  |TS  0|AC  0|TAMS 0x0000000705b00000, 0x0000000705b00000|
|  92|0x0000000705c00000, 0x0000000705c00000, 0x0000000705d00000|  0%| F|  |TS  0|AC  0|TAMS 0x0000000705c00000, 0x0000000705c00000|
|  93|0x0000000705d00000, 0x0000000705d00000, 0x0000000705e00000|  0%| F|  |TS  0|AC  0|TAMS 0x0000000705d00000, 0x0000000705d00000|
|  94|0x0000000705e00000, 0x0000000705e00000, 0x0000000705f00000|  0%| F|  |TS  0|AC  0|TAMS 0x0000000705e00000, 0x0000000705e00000|
|  95|0x0000000705f00000, 0x0000000705f00000, 0x0000000706000000|  0%| F|  |TS  0|AC  0|TAMS 0x0000000705f00000, 0x0000000705f00000|
|  96|0x0000000706000000, 0x0000000706000000, 0x0000000706100000|  0%| F|  |TS  0|AC  0|TAMS 0x0000000706000000, 0x0000000706000000|
|  97|0x0000000706100000, 0x0000000706100000, 0x0000000706200000|  0%| F|  |TS  0|AC  0|TAMS 0x0000000706100000, 0x0000000706100000|
|  98|0x0000000706200000, 0x0000000706200000, 0x0000000706300000|  0%| F|  |TS  0|AC  0|TAMS 0x0000000706200000, 0x0000000706200000|
|  99|0x0000000706300000, 0x0000000706300000, 0x0000000706400000|  0%| F|  |TS  0|AC  0|TAMS 0x0000000706300000, 0x0000000706300000|
| 100|0x0000000706400000, 0x0000000706400000, 0x0000000706500000|  0%| F|  |TS  0|AC  0|TAMS 0x0000000706400000, 0x0000000706400000|
| 101|0x0000000706500000, 0x0000000706500000, 0x0000000706600000|  0%| F|  |TS  0|AC  0|TAMS 0x0000000706500000, 0x0000000706500000|
| 102|0x0000000706600000, 0x0000000706600000, 0x0000000706700000|  0%| F|  |TS  0|AC  0|TAMS 0x0000000706600000, 0x0000000706600000|
| 103|0x0000000706700000, 0x0000000706700000, 0x0000000706800000|  0%| F|  |TS  0|AC  0|TAMS 0x0000000706700000, 0x0000000706700000|
| 104|0x0000000706800000, 0x0000000706800000, 0x0000000706900000|  0%| F|  |TS  0|AC  0|TAMS 0x0000000706800000, 0x0000000706800000|
| 105|0x0000000706900000, 0x0000000706900000, 0x0000000706a00000|  0%| F|  |TS  0|AC  0|TAMS 0x0000000706900000, 0x0000000706900000|
| 106|0x0000000706a00000, 0x0000000706a00000, 0x0000000706b00000|  0%| F|  |TS  0|AC  0|TAMS 0x0000000706a00000, 0x0000000706a00000|
| 107|0x0000000706b00000, 0x0000000706b00000, 0x0000000706c00000|  0%| F|  |TS  0|AC  0|TAMS 0x0000000706b00000, 0x0000000706b00000|
| 108|0x0000000706c00000, 0x0000000706c00000, 0x0000000706d00000|  0%| F|  |TS  0|AC  0|TAMS 0x0000000706c00000, 0x0000000706c00000|
| 109|0x0000000706d00000, 0x0000000706d00000, 0x0000000706e00000|  0%| F|  |TS  0|AC  0|TAMS 0x0000000706d00000, 0x0000000706d00000|
| 110|0x0000000706e00000, 0x0000000706e00000, 0x0000000706f00000|  0%| F|  |TS  0|AC  0|TAMS 0x0000000706e00000, 0x0000000706e00000|
| 111|0x0000000706f00000, 0x0000000706f00000, 0x0000000707000000|  0%| F|  |TS  0|AC  0|TAMS 0x0000000706f00000, 0x0000000706f00000|
| 112|0x0000000707000000, 0x0000000707000000, 0x0000000707100000|  0%| F|  |TS  0|AC  0|TAMS 0x0000000707000000, 0x0000000707000000|
| 113|0x0000000707100000, 0x0000000707100000, 0x0000000707200000|  0%| F|  |TS  0|AC  0|TAMS 0x0000000707100000, 0x0000000707100000|
| 114|0x0000000707200000, 0x0000000707200000, 0x0000000707300000|  0%| F|  |TS  0|AC  0|TAMS 0x0000000707200000, 0x0000000707200000|
| 115|0x0000000707300000, 0x0000000707300000, 0x0000000707400000|  0%| F|  |TS  0|AC  0|TAMS 0x0000000707300000, 0x0000000707300000|
| 116|0x0000000707400000, 0x0000000707400000, 0x0000000707500000|  0%| F|  |TS  0|AC  0|TAMS 0x0000000707400000, 0x0000000707400000|
| 117|0x0000000707500000, 0x0000000707500000, 0x0000000707600000|  0%| F|  |TS  0|AC  0|TAMS 0x0000000707500000, 0x0000000707500000|
| 118|0x0000000707600000, 0x0000000707600000, 0x0000000707700000|  0%| F|  |TS  0|AC  0|TAMS 0x0000000707600000, 0x0000000707600000|
| 119|0x0000000707700000, 0x0000000707700000, 0x0000000707800000|  0%| F|  |TS  0|AC  0|TAMS 0x0000000707700000, 0x0000000707700000|
| 120|0x0000000707800000, 0x0000000707800000, 0x0000000707900000|  0%| F|  |TS  0|AC  0|TAMS 0x0000000707800000, 0x0000000707800000|
| 121|0x0000000707900000, 0x0000000707900000, 0x0000000707a00000|  0%| F|  |TS  0|AC  0|TAMS 0x0000000707900000, 0x0000000707900000|
| 122|0x0000000707a00000, 0x0000000707a00000, 0x0000000707b00000|  0%| F|  |TS  0|AC  0|TAMS 0x0000000707a00000, 0x0000000707a00000|
| 123|0x0000000707b00000, 0x0000000707b00000, 0x0000000707c00000|  0%| F|  |TS  0|AC  0|TAMS 0x0000000707b00000, 0x0000000707b00000|
| 124|0x0000000707c00000, 0x0000000707c00000, 0x0000000707d00000|  0%| F|  |TS  0|AC  0|TAMS 0x0000000707c00000, 0x0000000707c00000|
| 125|0x0000000707d00000, 0x0000000707d00000, 0x0000000707e00000|  0%| F|  |TS  0|AC  0|TAMS 0x0000000707d00000, 0x0000000707d00000|
| 126|0x0000000707e00000, 0x0000000707e00000, 0x0000000707f00000|  0%| F|  |TS  0|AC  0|TAMS 0x0000000707e00000, 0x0000000707e00000|
| 127|0x0000000707f00000, 0x0000000707f00000, 0x0000000708000000|  0%| F|  |TS  0|AC  0|TAMS 0x0000000707f00000, 0x0000000707f00000|
| 128|0x0000000708000000, 0x0000000708000000, 0x0000000708100000|  0%| F|  |TS  0|AC  0|TAMS 0x0000000708000000, 0x0000000708000000|
| 129|0x0000000708100000, 0x0000000708100000, 0x0000000708200000|  0%| F|  |TS  0|AC  0|TAMS 0x0000000708100000, 0x0000000708100000|
| 130|0x0000000708200000, 0x0000000708200000, 0x0000000708300000|  0%| F|  |TS  0|AC  0|TAMS 0x0000000708200000, 0x0000000708200000|
| 131|0x0000000708300000, 0x0000000708300000, 0x0000000708400000|  0%| F|  |TS  0|AC  0|TAMS 0x0000000708300000, 0x0000000708300000|
| 132|0x0000000708400000, 0x0000000708400000, 0x0000000708500000|  0%| F|  |TS  0|AC  0|TAMS 0x0000000708400000, 0x0000000708400000|
| 133|0x0000000708500000, 0x0000000708500000, 0x0000000708600000|  0%| F|  |TS  0|AC  0|TAMS 0x0000000708500000, 0x0000000708500000|
| 134|0x0000000708600000, 0x0000000708600000, 0x0000000708700000|  0%| F|  |TS  0|AC  0|TAMS 0x0000000708600000, 0x0000000708600000|
| 135|0x0000000708700000, 0x00000007087b7750, 0x0000000708800000| 71%| E|  |TS  0|AC  0|TAMS 0x0000000708700000, 0x0000000708700000|
| 136|0x0000000708800000, 0x0000000708900000, 0x0000000708900000|100%| E|CS|TS  0|AC  0|TAMS 0x0000000708800000, 0x0000000708800000|
| 137|0x0000000708900000, 0x0000000708a00000, 0x0000000708a00000|100%| E|CS|TS  0|AC  0|TAMS 0x0000000708900000, 0x0000000708900000|
| 138|0x0000000708a00000, 0x0000000708b00000, 0x0000000708b00000|100%| E|CS|TS  0|AC  0|TAMS 0x0000000708a00000, 0x0000000708a00000|
| 139|0x0000000708b00000, 0x0000000708c00000, 0x0000000708c00000|100%| E|CS|TS  0|AC  0|TAMS 0x0000000708b00000, 0x0000000708b00000|
| 140|0x0000000708c00000, 0x0000000708d00000, 0x0000000708d00000|100%| E|CS|TS  0|AC  0|TAMS 0x0000000708c00000, 0x0000000708c00000|
| 141|0x0000000708d00000, 0x0000000708e00000, 0x0000000708e00000|100%| E|CS|TS  0|AC  0|TAMS 0x0000000708d00000, 0x0000000708d00000|
| 142|0x0000000708e00000, 0x0000000708f00000, 0x0000000708f00000|100%| E|CS|TS  0|AC  0|TAMS 0x0000000708e00000, 0x0000000708e00000|
| 143|0x0000000708f00000, 0x0000000709000000, 0x0000000709000000|100%| E|CS|TS  0|AC  0|TAMS 0x0000000708f00000, 0x0000000708f00000|
| 144|0x0000000709000000, 0x0000000709100000, 0x0000000709100000|100%| E|CS|TS  0|AC  0|TAMS 0x0000000709000000, 0x0000000709000000|
| 145|0x0000000709100000, 0x0000000709200000, 0x0000000709200000|100%| E|CS|TS  0|AC  0|TAMS 0x0000000709100000, 0x0000000709100000|
| 146|0x0000000709200000, 0x0000000709300000, 0x0000000709300000|100%| E|CS|TS  0|AC  0|TAMS 0x0000000709200000, 0x0000000709200000|
| 147|0x0000000709300000, 0x0000000709400000, 0x0000000709400000|100%| E|CS|TS  0|AC  0|TAMS 0x0000000709300000, 0x0000000709300000|
| 148|0x0000000709400000, 0x0000000709500000, 0x0000000709500000|100%| E|CS|TS  0|AC  0|TAMS 0x0000000709400000, 0x0000000709400000|
| 149|0x0000000709500000, 0x0000000709600000, 0x0000000709600000|100%| E|CS|TS  0|AC  0|TAMS 0x0000000709500000, 0x0000000709500000|
| 150|0x0000000709600000, 0x0000000709700000, 0x0000000709700000|100%| E|CS|TS  0|AC  0|TAMS 0x0000000709600000, 0x0000000709600000|
| 151|0x0000000709700000, 0x0000000709800000, 0x0000000709800000|100%| E|CS|TS  0|AC  0|TAMS 0x0000000709700000, 0x0000000709700000|
| 152|0x0000000709800000, 0x0000000709900000, 0x0000000709900000|100%| E|CS|TS  0|AC  0|TAMS 0x0000000709800000, 0x0000000709800000|
| 153|0x0000000709900000, 0x0000000709a00000, 0x0000000709a00000|100%| E|CS|TS  0|AC  0|TAMS 0x0000000709900000, 0x0000000709900000|
| 154|0x0000000709a00000, 0x0000000709b00000, 0x0000000709b00000|100%| E|CS|TS  0|AC  0|TAMS 0x0000000709a00000, 0x0000000709a00000|
| 155|0x0000000709b00000, 0x0000000709c00000, 0x0000000709c00000|100%| E|CS|TS  0|AC  0|TAMS 0x0000000709b00000, 0x0000000709b00000|
| 156|0x0000000709c00000, 0x0000000709d00000, 0x0000000709d00000|100%| E|CS|TS  0|AC  0|TAMS 0x0000000709c00000, 0x0000000709c00000|
| 157|0x0000000709d00000, 0x0000000709e00000, 0x0000000709e00000|100%| E|CS|TS  0|AC  0|TAMS 0x0000000709d00000, 0x0000000709d00000|
| 158|0x0000000709e00000, 0x0000000709f00000, 0x0000000709f00000|100%| E|CS|TS  0|AC  0|TAMS 0x0000000709e00000, 0x0000000709e00000|
| 159|0x0000000709f00000, 0x000000070a000000, 0x000000070a000000|100%| E|CS|TS  0|AC  0|TAMS 0x0000000709f00000, 0x0000000709f00000|
| 160|0x000000070a000000, 0x000000070a100000, 0x000000070a100000|100%| E|CS|TS  0|AC  0|TAMS 0x000000070a000000, 0x000000070a000000|
| 161|0x000000070a100000, 0x000000070a200000, 0x000000070a200000|100%| E|CS|TS  0|AC  0|TAMS 0x000000070a100000, 0x000000070a100000|
| 162|0x000000070a200000, 0x000000070a300000, 0x000000070a300000|100%| E|CS|TS  0|AC  0|TAMS 0x000000070a200000, 0x000000070a200000|
| 163|0x000000070a300000, 0x000000070a400000, 0x000000070a400000|100%| E|CS|TS  0|AC  0|TAMS 0x000000070a300000, 0x000000070a300000|
| 164|0x000000070a400000, 0x000000070a500000, 0x000000070a500000|100%| E|CS|TS  0|AC  0|TAMS 0x000000070a400000, 0x000000070a400000|

Card table byte_map: [0x0000024f360c0000,0x0000024f366c0000] byte_map_base: 0x0000024f328c0000

Marking Bits (Prev, Next): (CMBitMap*) 0x0000024f185a2a58, (CMBitMap*) 0x0000024f185a2a20
 Prev Bits: [0x0000024f39cc0000, 0x0000024f3ccc0000)
 Next Bits: [0x0000024f36cc0000, 0x0000024f39cc0000)

Polling page: 0x0000024f17390000

CodeHeap 'non-profiled nmethods': size=120064Kb used=10163Kb max_used=10163Kb free=109900Kb
 bounds [0x0000024f2dc50000, 0x0000024f2e640000, 0x0000024f35190000]
CodeHeap 'profiled nmethods': size=120000Kb used=32143Kb max_used=32888Kb free=87856Kb
 bounds [0x0000024f26720000, 0x0000024f28770000, 0x0000024f2dc50000]
CodeHeap 'non-nmethods': size=5696Kb used=1696Kb max_used=1767Kb free=3999Kb
 bounds [0x0000024f26190000, 0x0000024f26400000, 0x0000024f26720000]
 total_blobs=18586 nmethods=12115 adapters=987
 compilation: enabled

Compilation events (10 events):
Event: 104.156 Thread 0x0000024f17481000 13719       4       java.awt.image.BufferedImage::getWidth (8 bytes)
Event: 104.156 Thread 0x0000024f17481000 nmethod 13719 0x0000024f2dfd9390 code [0x0000024f2dfd9520, 0x0000024f2dfd9598]
Event: 104.163 Thread 0x0000024f1d4ec000 nmethod 13717 0x0000024f2e0b9310 code [0x0000024f2e0b94c0, 0x0000024f2e0b9818]
Event: 104.665 Thread 0x0000024f1d73f800 13720       3       ui.utils.aP::r (17 bytes)
Event: 104.665 Thread 0x0000024f1d73f800 nmethod 13720 0x0000024f26fa8f90 code [0x0000024f26fa9140, 0x0000024f26fa9418]
Event: 104.665 Thread 0x0000024f1d73f800 13721       1       com.google.protobuf.UnknownFieldSet::getDefaultInstance (4 bytes)
Event: 104.665 Thread 0x0000024f1d73f800 nmethod 13721 0x0000024f2e0b2d10 code [0x0000024f2e0b2ec0, 0x0000024f2e0b2fb8]
Event: 104.666 Thread 0x0000024f17481000 13722       4       javax.swing.SizeSequence::getPosition (48 bytes)
Event: 104.667 Thread 0x0000024f1d4ec000 13723       4       javax.swing.JComponent::setToolTipText (38 bytes)
Event: 104.670 Thread 0x0000024f17481000 nmethod 13722 0x0000024f2e0eb590 code [0x0000024f2e0eb760, 0x0000024f2e0eb990]

GC Heap History (10 events):
Event: 56.222 GC heap before
{Heap before GC invocations=24 (full 1):
 garbage-first heap   total 184320K, used 67611K [0x0000000700000000, 0x00000007001005a0, 0x00000007c0000000)
  region size 1024K, 16 young (16384K), 3 survivors (3072K)
 Metaspace       used 66864K, capacity 70919K, committed 71036K, reserved 1110016K
  class space    used 9290K, capacity 9996K, committed 10108K, reserved 1048576K
}
Event: 56.440 GC heap after
{Heap after GC invocations=25 (full 2):
 garbage-first heap   total 168960K, used 50577K [0x0000000700000000, 0x0000000700100528, 0x00000007c0000000)
  region size 1024K, 0 young (0K), 0 survivors (0K)
 Metaspace       used 66864K, capacity 70919K, committed 71036K, reserved 1110016K
  class space    used 9290K, capacity 9996K, committed 10108K, reserved 1048576K
}
Event: 59.626 GC heap before
{Heap before GC invocations=25 (full 2):
 garbage-first heap   total 168960K, used 112017K [0x0000000700000000, 0x0000000700100528, 0x00000007c0000000)
  region size 1024K, 60 young (61440K), 0 survivors (0K)
 Metaspace       used 67920K, capacity 72077K, committed 72316K, reserved 1112064K
  class space    used 9463K, capacity 10237K, committed 10364K, reserved 1048576K
}
Event: 59.641 GC heap after
{Heap after GC invocations=26 (full 2):
 garbage-first heap   total 168960K, used 53941K [0x0000000700000000, 0x0000000700100528, 0x00000007c0000000)
  region size 1024K, 4 young (4096K), 4 survivors (4096K)
 Metaspace       used 67920K, capacity 72077K, committed 72316K, reserved 1112064K
  class space    used 9463K, capacity 10237K, committed 10364K, reserved 1048576K
}
Event: 60.407 GC heap before
{Heap before GC invocations=26 (full 2):
 garbage-first heap   total 168960K, used 111285K [0x0000000700000000, 0x0000000700100528, 0x00000007c0000000)
  region size 1024K, 60 young (61440K), 4 survivors (4096K)
 Metaspace       used 68542K, capacity 72715K, committed 72828K, reserved 1112064K
  class space    used 9576K, capacity 10338K, committed 10364K, reserved 1048576K
}
Event: 60.418 GC heap after
{Heap after GC invocations=27 (full 2):
 garbage-first heap   total 168960K, used 54062K [0x0000000700000000, 0x0000000700100528, 0x00000007c0000000)
  region size 1024K, 4 young (4096K), 4 survivors (4096K)
 Metaspace       used 68542K, capacity 72715K, committed 72828K, reserved 1112064K
  class space    used 9576K, capacity 10338K, committed 10364K, reserved 1048576K
}
Event: 61.331 GC heap before
{Heap before GC invocations=27 (full 2):
 garbage-first heap   total 168960K, used 111406K [0x0000000700000000, 0x0000000700100528, 0x00000007c0000000)
  region size 1024K, 60 young (61440K), 4 survivors (4096K)
 Metaspace       used 70937K, capacity 75315K, committed 75644K, reserved 1114112K
  class space    used 9994K, capacity 10770K, committed 10876K, reserved 1048576K
}
Event: 61.346 GC heap after
{Heap after GC invocations=28 (full 2):
 garbage-first heap   total 168960K, used 56871K [0x0000000700000000, 0x0000000700100528, 0x00000007c0000000)
  region size 1024K, 7 young (7168K), 7 survivors (7168K)
 Metaspace       used 70937K, capacity 75315K, committed 75644K, reserved 1114112K
  class space    used 9994K, capacity 10770K, committed 10876K, reserved 1048576K
}
Event: 61.875 GC heap before
{Heap before GC invocations=28 (full 2):
 garbage-first heap   total 168960K, used 80423K [0x0000000700000000, 0x0000000700100528, 0x00000007c0000000)
  region size 1024K, 25 young (25600K), 7 survivors (7168K)
 Metaspace       used 71842K, capacity 76187K, committed 76412K, reserved 1114112K
  class space    used 10090K, capacity 10868K, committed 10876K, reserved 1048576K
}
Event: 62.143 GC heap after
{Heap after GC invocations=29 (full 3):
 garbage-first heap   total 168960K, used 56118K [0x0000000700000000, 0x0000000700100528, 0x00000007c0000000)
  region size 1024K, 0 young (0K), 0 survivors (0K)
 Metaspace       used 71842K, capacity 76187K, committed 76412K, reserved 1114112K
  class space    used 10090K, capacity 10868K, committed 10876K, reserved 1048576K
}

Deoptimization events (10 events):
Event: 61.551 Thread 0x0000024f41bb0000 Uncommon trap: reason=bimorphic_or_optimized_type_check action=maybe_recompile pc=0x0000024f2e5413bc method=java.beans.PropertyChangeSupport.firePropertyChange(Ljava/lang/String;Ljava/lang/Object;Ljava/lang/Object;)V @ 31 c2
Event: 61.576 Thread 0x0000024f41bb0000 Uncommon trap: reason=unstable_if action=reinterpret pc=0x0000024f2dcc5ee0 method=com.google.protobuf.CodedInputStream$ArrayDecoder.readRawVarint32()I @ 66 c2
Event: 61.617 Thread 0x0000024f41bb0000 Uncommon trap: reason=class_check action=maybe_recompile pc=0x0000024f2e37cbf0 method=sun.java2d.SunGraphics2D.validateCompClip()V @ 69 c2
Event: 61.630 Thread 0x0000024f41bb0000 Uncommon trap: reason=class_check action=maybe_recompile pc=0x0000024f2e37cbf0 method=sun.java2d.SunGraphics2D.validateCompClip()V @ 69 c2
Event: 61.671 Thread 0x0000024f41bb0000 Uncommon trap: reason=unstable_if action=reinterpret pc=0x0000024f2ddcebb0 method=java.util.HashMap.getNode(ILjava/lang/Object;)Ljava/util/HashMap$Node; @ 84 c2
Event: 61.671 Thread 0x0000024f41bb0000 Uncommon trap: reason=unstable_if action=reinterpret pc=0x0000024f2ddcf3b4 method=java.util.HashMap.getNode(ILjava/lang/Object;)Ljava/util/HashMap$Node; @ 84 c2
Event: 61.701 Thread 0x0000024f41bb0000 Uncommon trap: reason=unstable_if action=reinterpret pc=0x0000024f2dfa7e48 method=java.io.ByteArrayInputStream.read()I @ 8 c2
Event: 61.746 Thread 0x0000024f41bb0000 Uncommon trap: reason=unstable_if action=reinterpret pc=0x0000024f2e235458 method=java.awt.Font.getStringBounds([CIILjava/awt/font/FontRenderContext;)Ljava/awt/geom/Rectangle2D; @ 63 c2
Event: 61.748 Thread 0x0000024f41bb0000 Uncommon trap: reason=unstable_if action=reinterpret pc=0x0000024f2e4994e0 method=java.awt.Font.getStringBounds([CIILjava/awt/font/FontRenderContext;)Ljava/awt/geom/Rectangle2D; @ 63 c2
Event: 61.749 Thread 0x0000024f41bb0000 Uncommon trap: reason=unstable_if action=reinterpret pc=0x0000024f2e5812f8 method=sun.java2d.SunGraphics2D.validateBasicStroke(Ljava/awt/BasicStroke;)V @ 90 c2

Classes redefined (0 events):
No events

Internal exceptions (10 events):
Event: 60.958 Thread 0x0000024f41bb0000 Exception <a 'java/lang/ClassNotFoundException'{0x0000000708fd8e78}: java/awt/ComponentCustomizer> (0x0000000708fd8e78) thrown at [t:/workspace/hotspot/src/share/vm/classfile/systemDictionary.cpp, line 218]
Event: 60.966 Thread 0x0000024f41bb0000 Exception <a 'java/lang/ClassNotFoundException'{0x0000000708e2f4d0}: java/awt/ContainerCustomizer> (0x0000000708e2f4d0) thrown at [t:/workspace/hotspot/src/share/vm/classfile/systemDictionary.cpp, line 218]
Event: 60.970 Thread 0x0000024f41bb0000 Exception <a 'java/lang/ClassNotFoundException'{0x0000000708e67780}: javax/swing/JComponentCustomizer> (0x0000000708e67780) thrown at [t:/workspace/hotspot/src/share/vm/classfile/systemDictionary.cpp, line 218]
Event: 60.996 Thread 0x0000024f41bb0000 Exception <a 'java/lang/ClassNotFoundException'{0x0000000708d0da18}: javax/swing/JPanelCustomizer> (0x0000000708d0da18) thrown at [t:/workspace/hotspot/src/share/vm/classfile/systemDictionary.cpp, line 218]
Event: 60.999 Thread 0x0000024f41bb0000 Exception <a 'java/lang/ClassNotFoundException'{0x0000000708d40e70}: org/jdesktop/swingx/JXPanelCustomizer> (0x0000000708d40e70) thrown at [t:/workspace/hotspot/src/share/vm/classfile/systemDictionary.cpp, line 218]
Event: 61.001 Thread 0x0000024f41bb0000 Exception <a 'java/lang/ClassNotFoundException'{0x0000000708d7e668}: org/jdesktop/swingx/JXTitledPanelCustomizer> (0x0000000708d7e668) thrown at [t:/workspace/hotspot/src/share/vm/classfile/systemDictionary.cpp, line 218]
Event: 61.003 Thread 0x0000024f41bb0000 Exception <a 'java/lang/ClassNotFoundException'{0x0000000708db69d0}: ui/utils/o/p/a/dCustomizer> (0x0000000708db69d0) thrown at [t:/workspace/hotspot/src/share/vm/classfile/systemDictionary.cpp, line 218]
Event: 61.006 Thread 0x0000024f41bb0000 Exception <a 'java/lang/ClassNotFoundException'{0x0000000708ded2a0}: ui/views/waveform/f/pCustomizer> (0x0000000708ded2a0) thrown at [t:/workspace/hotspot/src/share/vm/classfile/systemDictionary.cpp, line 218]
Event: 61.013 Thread 0x0000024f41bb0000 Implicit null exception at 0x0000024f2e442c5e to 0x0000024f2e4434bd
Event: 61.541 Thread 0x0000024f4484f800 Implicit null exception at 0x0000024f2e37e22d to 0x0000024f2e37e9fd

Events (10 events):
Event: 101.371 Thread 0x0000024f44854000 Thread added: 0x0000024f44854000
Event: 101.401 Thread 0x0000024f44854000 Thread exited: 0x0000024f44854000
Event: 102.372 Thread 0x0000024f44850800 Thread added: 0x0000024f44850800
Event: 102.375 Thread 0x0000024f44850800 Thread exited: 0x0000024f44850800
Event: 103.165 Thread 0x0000024f1d743000 DEOPT PACKING pc=0x0000024f27316852 sp=0x000000fe7b1ff350
Event: 103.165 Thread 0x0000024f1d743000 DEOPT UNPACKING pc=0x0000024f261ddd3f sp=0x000000fe7b1fe8f0 mode 0
Event: 103.376 Thread 0x0000024f44851000 Thread added: 0x0000024f44851000
Event: 103.379 Thread 0x0000024f44851000 Thread exited: 0x0000024f44851000
Event: 104.371 Thread 0x0000024f4484f000 Thread added: 0x0000024f4484f000
Event: 104.374 Thread 0x0000024f4484f000 Thread exited: 0x0000024f4484f000


Dynamic libraries:
0x00007ff714c10000 - 0x00007ff714c40000 	E:\Xilinx\Vivado\2018.3\bin\unwrapped\win64.o\vivado.exe
0x00007ff8320a0000 - 0x00007ff832290000 	C:\WINDOWS\SYSTEM32\ntdll.dll
0x00007ff831240000 - 0x00007ff8312f2000 	C:\WINDOWS\System32\KERNEL32.DLL
0x00007ff82fdd0000 - 0x00007ff830073000 	C:\WINDOWS\System32\KERNELBASE.dll
0x00007ff82f220000 - 0x00007ff82f31a000 	C:\WINDOWS\System32\ucrtbase.dll
0x00007ff8272f0000 - 0x00007ff827304000 	E:\Xilinx\Vivado\2018.3\lib\win64.o\libboost_signals.dll
0x00007ff802e90000 - 0x00007ff803d24000 	E:\Xilinx\Vivado\2018.3\lib\win64.o\librdi_common.dll
0x00007ff831d10000 - 0x00007ff831ea3000 	C:\WINDOWS\System32\USER32.dll
0x00007ff8300a0000 - 0x00007ff8300c1000 	C:\WINDOWS\System32\win32u.dll
0x00007ff8260e0000 - 0x00007ff8260f4000 	E:\Xilinx\Vivado\2018.3\lib\win64.o\librdi_commonmain.dll
0x00007ff831ce0000 - 0x00007ff831d06000 	C:\WINDOWS\System32\GDI32.dll
0x00007ff82f030000 - 0x00007ff82f1c4000 	C:\WINDOWS\System32\gdi32full.dll
0x00007ff81b020000 - 0x00007ff81b0bd000 	C:\WINDOWS\SYSTEM32\MSVCP140.dll
0x00007ff82fb00000 - 0x00007ff82fb9e000 	C:\WINDOWS\System32\msvcp_win.dll
0x00007ff831c30000 - 0x00007ff831cd3000 	C:\WINDOWS\System32\ADVAPI32.dll
0x00007ff8276a0000 - 0x00007ff8276b7000 	C:\WINDOWS\SYSTEM32\VCRUNTIME140.dll
0x00007ff831400000 - 0x00007ff83149e000 	C:\WINDOWS\System32\msvcrt.dll
0x00007ff831910000 - 0x00007ff8319a7000 	C:\WINDOWS\System32\sechost.dll
0x00007ff830ec0000 - 0x00007ff830fe0000 	C:\WINDOWS\System32\RPCRT4.dll
0x00007ff809a20000 - 0x00007ff809d8e000 	E:\Xilinx\Vivado\2018.3\lib\win64.o\libCOIN-all.dll
0x00007ff830220000 - 0x00007ff830902000 	C:\WINDOWS\System32\SHELL32.dll
0x00007ff82f1d0000 - 0x00007ff82f21a000 	C:\WINDOWS\System32\cfgmgr32.dll
0x00007ff824e40000 - 0x00007ff824e66000 	E:\Xilinx\Vivado\2018.3\lib\win64.o\libboost_filesystem.dll
0x00007ff830d20000 - 0x00007ff830dc9000 	C:\WINDOWS\System32\shcore.dll
0x00007ff830910000 - 0x00007ff830c46000 	C:\WINDOWS\System32\combase.dll
0x00007ff80b500000 - 0x00007ff80b7b5000 	E:\Xilinx\Vivado\2018.3\lib\win64.o\libXil_lmgr11.dll
0x00007ff81fe70000 - 0x00007ff81feef000 	E:\Xilinx\Vivado\2018.3\lib\win64.o\libboost_program_options.dll
0x00007ff8300d0000 - 0x00007ff830150000 	C:\WINDOWS\System32\bcryptPrimitives.dll
0x00007ff82f380000 - 0x00007ff82fafc000 	C:\WINDOWS\System32\windows.storage.dll
0x00007ff824e20000 - 0x00007ff824e34000 	E:\Xilinx\Vivado\2018.3\lib\win64.o\libboost_date_time.dll
0x00007ff80f020000 - 0x00007ff80f134000 	E:\Xilinx\Vivado\2018.3\lib\win64.o\libboost_regex.dll
0x00007ff82efa0000 - 0x00007ff82efbf000 	C:\WINDOWS\System32\profapi.dll
0x00007ff830c50000 - 0x00007ff830d1f000 	C:\WINDOWS\System32\COMDLG32.dll
0x00007ff828860000 - 0x00007ff82886b000 	E:\Xilinx\Vivado\2018.3\lib\win64.o\libboost_system.dll
0x00007ff82efc0000 - 0x00007ff82f00a000 	C:\WINDOWS\System32\powrprof.dll
0x00007ff824df0000 - 0x00007ff824e11000 	E:\Xilinx\Vivado\2018.3\lib\win64.o\libboost_thread.dll
0x00007ff82ef70000 - 0x00007ff82ef80000 	C:\WINDOWS\System32\UMPDC.dll
0x00007ff831bd0000 - 0x00007ff831c22000 	C:\WINDOWS\System32\SHLWAPI.dll
0x00007ff827c50000 - 0x00007ff827c5f000 	E:\Xilinx\Vivado\2018.3\lib\win64.o\libboost_xilinx.dll
0x00007ff82f010000 - 0x00007ff82f021000 	C:\WINDOWS\System32\kernel.appcore.dll
0x00007ff818fc0000 - 0x00007ff819042000 	E:\Xilinx\Vivado\2018.3\lib\win64.o\libhdlpsolve.dll
0x00007ff830080000 - 0x00007ff830097000 	C:\WINDOWS\System32\cryptsp.dll
0x00007ff81a8f0000 - 0x00007ff81a995000 	E:\Xilinx\Vivado\2018.3\lib\win64.o\libhdxml.dll
0x00007ff8042b0000 - 0x00007ff804afe600 	E:\Xilinx\Vivado\2018.3\lib\win64.o\libisl_iostreams.dll
0x00007ff824b80000 - 0x00007ff824bae000 	E:\Xilinx\Vivado\2018.3\lib\win64.o\libisl_sysinfo.dll
0x00007ff818f50000 - 0x00007ff818fb5000 	E:\Xilinx\Vivado\2018.3\lib\win64.o\liblmx6.0.dll
0x00007ff831390000 - 0x00007ff8313ff000 	C:\WINDOWS\System32\WS2_32.dll
0x00007ff824d70000 - 0x00007ff824d8a000 	E:\Xilinx\Vivado\2018.3\lib\win64.o\pthreadVC2.dll
0x00007ff830150000 - 0x00007ff830214000 	C:\WINDOWS\System32\OLEAUT32.dll
0x00007ff80fcc0000 - 0x00007ff80fde1000 	E:\Xilinx\Vivado\2018.3\lib\win64.o\librdi_commonxillic.dll
0x00007ff822ea0000 - 0x00007ff822ebc000 	E:\Xilinx\Vivado\2018.3\lib\win64.o\librdiconfig.dll
0x00007ff820340000 - 0x00007ff820361000 	E:\Xilinx\Vivado\2018.3\lib\win64.o\librdizlib.dll
0x00007ff830fe0000 - 0x00007ff831136000 	C:\WINDOWS\System32\ole32.dll
0x0000000012000000 - 0x0000000012272000 	E:\Xilinx\Vivado\2018.3\lib\win64.o\xerces-c_3_1.dll
0x00000000591a0000 - 0x00000000592cb000 	E:\Xilinx\Vivado\2018.3\lib\win64.o\tcl85t.dll
0x00007ff8289b0000 - 0x00007ff8289ba000 	E:\Xilinx\Vivado\2018.3\lib\win64.o\librdi_commonversion.dll
0x00007ff813dd0000 - 0x00007ff813de7000 	C:\WINDOWS\SYSTEM32\NETAPI32.dll
0x00007ff819af0000 - 0x00007ff819fc6000 	C:\WINDOWS\SYSTEM32\WININET.dll
0x00007ff8228c0000 - 0x00007ff8229b0000 	C:\WINDOWS\SYSTEM32\WINHTTP.dll
0x00007ff8239e0000 - 0x00007ff823bb6000 	C:\WINDOWS\SYSTEM32\urlmon.dll
0x00007ff827650000 - 0x00007ff82765d000 	E:\Xilinx\Vivado\2018.3\lib\win64.o\libboost_chrono.dll
0x00007ff8014a0000 - 0x00007ff802331000 	E:\Xilinx\Vivado\2018.3\lib\win64.o\gurobi65.dll
0x00007ff827690000 - 0x00007ff827699000 	C:\WINDOWS\SYSTEM32\WSOCK32.dll
0x00007ff81dbf0000 - 0x00007ff81dc1e000 	C:\WINDOWS\SYSTEM32\VCOMP140.DLL
0x00007ff8201d0000 - 0x00007ff8201eb000 	E:\Xilinx\Vivado\2018.3\lib\win64.o\libboost_iostreams.dll
0x00007ff81b6d0000 - 0x00007ff81b6f5000 	E:\Xilinx\Vivado\2018.3\lib\win64.o\libisl_iosutils.dll
0x00007ff82a110000 - 0x00007ff82a1b9000 	C:\WINDOWS\WinSxS\amd64_microsoft.windows.common-controls_6595b64144ccf1df_5.82.18362.295_none_2a2c1a464665cf9f\COMCTL32.dll
0x00007ff823730000 - 0x00007ff8239d6000 	C:\WINDOWS\SYSTEM32\iertutil.dll
0x00007ff82e600000 - 0x00007ff82e60c000 	C:\WINDOWS\SYSTEM32\NETUTILS.DLL
0x00007ff82e9b0000 - 0x00007ff82e9bc000 	C:\WINDOWS\SYSTEM32\CRYPTBASE.DLL
0x00007ff82f320000 - 0x00007ff82f37c000 	C:\WINDOWS\System32\WINTRUST.dll
0x00007ff82ef80000 - 0x00007ff82ef92000 	C:\WINDOWS\System32\MSASN1.dll
0x00007ff825700000 - 0x00007ff82571c000 	C:\WINDOWS\SYSTEM32\dhcpcsvc.DLL
0x00007ff831140000 - 0x00007ff831148000 	C:\WINDOWS\System32\NSI.dll
0x00007ff82fc80000 - 0x00007ff82fdc9000 	C:\WINDOWS\System32\CRYPT32.dll
0x00007ff831150000 - 0x00007ff83117e000 	C:\WINDOWS\System32\IMM32.DLL
0x00007ff806530000 - 0x00007ff806a25000 	E:\Xilinx\Vivado\2018.3\lib\win64.o\librdi_commontasks.dll
0x0000000056bb0000 - 0x00000000575d5000 	E:\Xilinx\Vivado\2018.3\tps\win64\jre9.0.4\bin\server\jvm.dll
0x00007ff8093a0000 - 0x00007ff80961f000 	E:\Xilinx\Vivado\2018.3\lib\win64.o\librdi_sio.dll
0x00007ff831380000 - 0x00007ff831388000 	C:\WINDOWS\System32\PSAPI.DLL
0x00007ff82e4f0000 - 0x00007ff82e52a000 	C:\WINDOWS\SYSTEM32\IPHLPAPI.DLL
0x00007ff82bc30000 - 0x00007ff82bc54000 	C:\WINDOWS\SYSTEM32\WINMM.dll
0x00007ff8245f0000 - 0x00007ff8245fa000 	C:\WINDOWS\SYSTEM32\VERSION.dll
0x00007ff8092b0000 - 0x00007ff80939f000 	C:\WINDOWS\SYSTEM32\MSVCR120.dll
0x00007ff82bc00000 - 0x00007ff82bc2d000 	C:\WINDOWS\SYSTEM32\WINMMBASE.dll
0x00007ff82e7e0000 - 0x00007ff82e847000 	C:\WINDOWS\SYSTEM32\MSWSOCK.DLL
0x00007ffffade0000 - 0x00007ffffd1a2000 	E:\Xilinx\Vivado\2018.3\lib\win64.o\librdi_tcltasks.dll
0x00007ff805ea0000 - 0x00007ff80627c000 	E:\Xilinx\Vivado\2018.3\lib\win64.o\librdi_bitstream.dll
0x00007ff8112b0000 - 0x00007ff81138c000 	E:\Xilinx\Vivado\2018.3\lib\win64.o\librdi_chipscope.dll
0x00007ff813960000 - 0x00007ff8139ca000 	E:\Xilinx\Vivado\2018.3\lib\win64.o\librdi_boarddep.dll
0x00007ff807500000 - 0x00007ff80767e000 	E:\Xilinx\Vivado\2018.3\lib\win64.o\librdi_board.dll
0x00007ff807340000 - 0x00007ff8074f9000 	E:\Xilinx\Vivado\2018.3\lib\win64.o\librdi_chipscopeimpl.dll
0x00007ffff94d0000 - 0x00007ffffadd5000 	E:\Xilinx\Vivado\2018.3\lib\win64.o\librdi_constraints.dll
0x00007ffff76b0000 - 0x00007ffff94cf000 	E:\Xilinx\Vivado\2018.3\lib\win64.o\librdi_coregen.dll
0x00007ff808ca0000 - 0x00007ff808de8000 	E:\Xilinx\Vivado\2018.3\lib\win64.o\librdi_containers.dll
0x00007ff800dc0000 - 0x00007ff80149a000 	E:\Xilinx\Vivado\2018.3\lib\win64.o\librdi_coregenipxact.dll
0x00007ffff38b0000 - 0x00007ffff76ab000 	E:\Xilinx\Vivado\2018.3\lib\win64.o\librdi_designutils.dll
0x00007fffdd780000 - 0x00007fffee4d2000 	E:\Xilinx\Vivado\2018.3\lib\win64.o\librdi_device.dll
0x00007ff8058f0000 - 0x00007ff805c0b000 	E:\Xilinx\Vivado\2018.3\lib\win64.o\librdi_dlyest.dll
0x00007ff804e50000 - 0x00007ff8053b0000 	E:\Xilinx\Vivado\2018.3\lib\win64.o\librdi_drc.dll
0x00007ff807ea0000 - 0x00007ff807f62000 	E:\Xilinx\Vivado\2018.3\lib\win64.o\librdi_dsp.dll
0x00007ff800780000 - 0x00007ff800dbf000 	E:\Xilinx\Vivado\2018.3\lib\win64.o\librdi_filemgmt.dll
0x00007ff805610000 - 0x00007ff8058ea000 	E:\Xilinx\Vivado\2018.3\lib\win64.o\librdi_guitools.dll
0x00007ff815860000 - 0x00007ff8158bd000 	E:\Xilinx\Vivado\2018.3\lib\win64.o\librdi_hdf.dll
0x00007fffdc3e0000 - 0x00007fffdd771000 	E:\Xilinx\Vivado\2018.3\lib\win64.o\librdi_implflow.dll
0x00007ff812e70000 - 0x00007ff812ee1000 	E:\Xilinx\Vivado\2018.3\lib\win64.o\librdi_memoryarray.dll
0x00007ff800160000 - 0x00007ff800775000 	E:\Xilinx\Vivado\2018.3\lib\win64.o\librdi_memdata.dll
0x00007ffffec20000 - 0x00007fffff25b000 	E:\Xilinx\Vivado\2018.3\lib\win64.o\librdi_netlist.dll
0x00007fffd8a30000 - 0x00007fffdc3dc000 	E:\Xilinx\Vivado\2018.3\lib\win64.o\librdi_mig.dll
0x00007ff813910000 - 0x00007ff813960000 	E:\Xilinx\Vivado\2018.3\lib\win64.o\librdi_pfi.dll
0x00007fffd6510000 - 0x00007fffd8a24000 	E:\Xilinx\Vivado\2018.3\lib\win64.o\librdi_place.dll
0x00007ff802940000 - 0x00007ff802c47000 	E:\Xilinx\Vivado\2018.3\lib\win64.o\librdi_platform.dll
0x00007ffff0050000 - 0x00007ffff0745000 	E:\Xilinx\Vivado\2018.3\lib\win64.o\librdi_power.dll
0x00007fffefaf0000 - 0x00007ffff0046000 	E:\Xilinx\Vivado\2018.3\lib\win64.o\librdi_project.dll
0x00007fffee7f0000 - 0x00007fffeeee3000 	E:\Xilinx\Vivado\2018.3\lib\win64.o\librdi_psta.dll
0x00007fffd5e30000 - 0x00007fffd6509000 	E:\Xilinx\Vivado\2018.3\lib\win64.o\librdi_rsb.dll
0x00007fffffc10000 - 0x00007ffffffe7000 	E:\Xilinx\Vivado\2018.3\lib\win64.o\librdi_runs.dll
0x00007ff8070a0000 - 0x00007ff807178000 	E:\Xilinx\Vivado\2018.3\lib\win64.o\librdi_runsbase.dll
0x00007ffff3680000 - 0x00007ffff38a8000 	E:\Xilinx\Vivado\2018.3\lib\win64.o\librdi_simdata.dll
0x00007fffd50a0000 - 0x00007fffd5e2d000 	E:\Xilinx\Vivado\2018.3\lib\win64.o\librdi_timing.dll
0x00007ff8063d0000 - 0x00007ff806524000 	E:\Xilinx\Vivado\2018.3\lib\win64.o\librdi_advchipscopeimpl.dll
0x00007ff812550000 - 0x00007ff81259c000 	E:\Xilinx\Vivado\2018.3\lib\win64.o\libboost_serialization.dll
0x00007ff8085c0000 - 0x00007ff808678000 	E:\Xilinx\Vivado\2018.3\lib\win64.o\librdi_hip_devdesign.dll
0x00007ff80fc10000 - 0x00007ff80fcbb000 	E:\Xilinx\Vivado\2018.3\lib\win64.o\librdi_ipconfig_readwrite.dll
0x00007ff81b160000 - 0x00007ff81b198000 	E:\Xilinx\Vivado\2018.3\lib\win64.o\librdi_noc_frameworks.dll
0x00007fffd4550000 - 0x00007fffd5097000 	E:\Xilinx\Vivado\2018.3\lib\win64.o\libverific.dll
0x00007fffd4190000 - 0x00007fffd4545000 	E:\Xilinx\Vivado\2018.3\lib\win64.o\librdi_hip_config.dll
0x00007fffd3c40000 - 0x00007fffd418e000 	E:\Xilinx\Vivado\2018.3\lib\win64.o\librdi_xdm.dll

VM Arguments:
jvm_args: -Dsun.java2d.pmoffscreen=false -Dsun.java2d.xrender=false -Dsun.java2d.d3d=false -Dsun.awt.nopixfmt=true -Dsun.java2d.dpiaware=true -Dsun.java2d.uiScale.enabled=false -Xverify:none -Dswing.aatext=true -XX:-UsePerfData -Djdk.map.althashing.threshold=512 -XX:StringTableSize=4072 --add-opens=java.base/java.nio=ALL-UNNAMED --add-opens=java.desktop/sun.swing=ALL-UNNAMED --add-opens=java.desktop/javax.swing=ALL-UNNAMED --add-opens=java.desktop/javax.swing.tree=ALL-UNNAMED --add-opens=java.desktop/javax.swing.plaf.basic=ALL-UNNAMED --add-opens=java.desktop/javax.swing.plaf.synth=ALL-UNNAMED --add-opens=java.desktop/com.sun.awt=ALL-UNNAMED -XX:NewSize=60m -XX:MaxNewSize=60m -Xms128m -Xmx3072m -Xss5m 
java_command: <unknown>
java_class_path (initial): E:/Xilinx/Vivado/2018.3\lib\classes\alloy.jar;E:/Xilinx/Vivado/2018.3\lib\classes\autopilot.scelaborator.jar;E:/Xilinx/Vivado/2018.3\lib\classes\autopilot.sourceprocessor.jar;E:/Xilinx/Vivado/2018.3\lib\classes\autopilot.tbprocessor.jar;E:/Xilinx/Vivado/2018.3\lib\classes\batik-anim.jar;E:/Xilinx/Vivado/2018.3\lib\classes\batik-awt-util.jar;E:/Xilinx/Vivado/2018.3\lib\classes\batik-bridge.jar;E:/Xilinx/Vivado/2018.3\lib\classes\batik-codec.jar;E:/Xilinx/Vivado/2018.3\lib\classes\batik-css.jar;E:/Xilinx/Vivado/2018.3\lib\classes\batik-dom.jar;E:/Xilinx/Vivado/2018.3\lib\classes\batik-ext.jar;E:/Xilinx/Vivado/2018.3\lib\classes\batik-gui-util.jar;E:/Xilinx/Vivado/2018.3\lib\classes\batik-gvt.jar;E:/Xilinx/Vivado/2018.3\lib\classes\batik-parser.jar;E:/Xilinx/Vivado/2018.3\lib\classes\batik-script.jar;E:/Xilinx/Vivado/2018.3\lib\classes\batik-svg-dom.jar;E:/Xilinx/Vivado/2018.3\lib\classes\batik-swing.jar;E:/Xilinx/Vivado/2018.3\lib\classes\batik-transcoder.jar;E:/Xilinx/Vivado/2018.3\lib\classes\batik-util.jar;E:/Xilinx/Vivado/2018.3\lib\classes\batik-xml.jar;E:/Xilinx/Vivado/2018.3\lib\classes\com.ibm.icu_4.4.2.v20110208.jar;E:/Xilinx/Vivado/2018.3\lib\classes\commons-collections4-4.1.jar;E:/Xilinx/Vivado/2018.3\lib\classes\commons-math-2.2.jar;E:/Xilinx/Vivado/2018.3\lib\classes\dom4j-1.6.1.jar;E:/Xilinx/Vivado/2018.3\lib\classes\guava-18.0.jar;E:/Xilinx/Vivado/2018.3\lib\classes\help.jar;E:/Xilinx/Vivado/2018.3\lib\classes\hsqldb.jar;E:/Xilinx/Vivado/2018.3\lib\classes\jargs.jar;E:/Xilinx/Vivado/2018.3\lib\classes\jaxb-api-2.3.0.jar;E:/Xilinx/Vivado/2018.3\lib\classes\jh.jar;E:/Xilinx/Vivado/2018.3\lib\classes\jide-action.jar;E:/Xilinx/Vivado/2018.3\lib\classes\jide-charts.jar;E:/Xilinx/Vivado/2018.3\lib\classes\jide-common.jar;E:/Xilinx/Vivado/2018.3\lib\classes\jide-components.jar;E:/Xilinx/Vivado/2018.3\lib\classes\jide-dashboard.jar;E:/Xilinx/Vivado/2018.3\lib\classes\jide-data.jar;E:/Xilinx/Vivado/2018.3\lib\classes\jide-dialogs.jar
Launcher Type: generic

Logging:
Log output configuration:
#0: stdout all=warning uptime,level,tags
#1: stderr all=off uptime,level,tags

Environment Variables:
PATH=E:/Xilinx/Vivado/2018.3/bin;E:/Xilinx/Vivado/2018.3/lib/win64.o;E:/Xilinx/Vivado/2018.3/tps/win64/jre9.0.4/bin/server;E:/Xilinx/Vivado/2018.3/tps/win64/jre9.0.4/bin;E:/Xilinx/SDK/2018.3/bin;E:/Xilinx/Vivado/2018.3/ids_lite/ISE/bin/nt64;E:/Xilinx/Vivado/2018.3/ids_lite/ISE/lib/nt64;C:\WINDOWS\system32;C:\WINDOWS;C:\WINDOWS\System32\Wbem;C:\WINDOWS\System32\WindowsPowerShell\v1.0\;C:\WINDOWS\System32\OpenSSH\;C:\Program Files (x86)\NVIDIA Corporation\PhysX\Common;C:\Users\Puszek\AppData\Local\Microsoft\WindowsApps;;E:/Xilinx/Vivado/2018.3\tps\mingw\6.2.0\win64.o\nt\bin;E:/Xilinx/Vivado/2018.3\tps\mingw\6.2.0\win64.o\nt\libexec\gcc\x86_64-w64-mingw32\6.2.0
USERNAME=Puszek
OS=Windows_NT
PROCESSOR_IDENTIFIER=Intel64 Family 6 Model 60 Stepping 3, GenuineIntel



---------------  S Y S T E M  ---------------

OS: Windows 10 , 64 bit Build 18362 (10.0.18362.86)

CPU:total 4 (initial active 4) (2 cores per cpu, 2 threads per core) family 6 model 60 stepping 3, cmov, cx8, fxsr, mmx, sse, sse2, sse3, ssse3, sse4.1, sse4.2, popcnt, avx, avx2, aes, clmul, erms, lzcnt, ht, tsc, tscinvbit, bmi1, bmi2, fma

Memory: 4k page, physical 8302956k(604972k free), swap 26081152k(0k free)

vm_info: Java HotSpot(TM) 64-Bit Server VM (9.0.4+11) for windows-amd64 JRE (9.0.4+11), built on Dec 20 2017 02:18:54 by "mach5one" with MS VC++ 12.0 (VS2013)

END.
