Copyright 1986-2018 Xilinx, Inc. All Rights Reserved.
------------------------------------------------------------------------------------
| Tool Version : Vivado v.2018.3 (win64) Build 2405991 Thu Dec  6 23:38:27 MST 2018
| Date         : Tue Aug 27 20:00:47 2019
| Host         : Vrael running 64-bit major release  (build 9200)
| Command      : upgrade_ip
| Device       : xc7a35tcpg236-1
------------------------------------------------------------------------------------

Upgrade Log for IP 'system_VGA_SQUAREDRAW_0_1'

1. Summary
----------

SUCCESS in the upgrade of system_VGA_SQUAREDRAW_0_1 (xilinx.com:user:VGA_SQUAREDRAW:1.0) from (Rev. 5) to (Rev. 6)






Copyright 1986-2018 Xilinx, Inc. All Rights Reserved.
------------------------------------------------------------------------------------
| Tool Version : Vivado v.2018.3 (win64) Build 2405991 Thu Dec  6 23:38:27 MST 2018
| Date         : Tue Aug 27 19:33:43 2019
| Host         : Vrael running 64-bit major release  (build 9200)
| Command      : upgrade_ip
| Device       : xc7a35tcpg236-1
------------------------------------------------------------------------------------

Upgrade Log for IP 'system_VGA_SQUAREDRAW_0_1'

1. Summary
----------

SUCCESS in the upgrade of system_VGA_SQUAREDRAW_0_1 (xilinx.com:user:VGA_SQUAREDRAW:1.0) from (Rev. 3) to (Rev. 5)

