#-----------------------------------------------------------
# Vivado v2018.3 (64-bit)
# SW Build 2405991 on Thu Dec  6 23:38:27 MST 2018
# IP Build 2404404 on Fri Dec  7 01:43:56 MST 2018
# Start of session at: Tue Sep  3 18:56:11 2019
# Process ID: 2876
# Current directory: C:/Users/dom/Desktop/Nowecos1/Nowe_coS/project_1
# Command line: vivado.exe -gui_launcher_event rodinguilauncherevent6596 C:\Users\dom\Desktop\Nowecos1\Nowe_coS\project_1\project_1.xpr
# Log file: C:/Users/dom/Desktop/Nowecos1/Nowe_coS/project_1/vivado.log
# Journal file: C:/Users/dom/Desktop/Nowecos1/Nowe_coS/project_1\vivado.jou
#-----------------------------------------------------------
start_gui
open_project C:/Users/dom/Desktop/Nowecos1/Nowe_coS/project_1/project_1.xpr
INFO: [Project 1-313] Project file moved from 'C:/Users/Puszek/Desktop/Nowe_coS/project_1' since last save.
Scanning sources...
Finished scanning sources
WARNING: [filemgmt 56-2] IP Repository Path: Could not find the directory 'C:/Users/dom/Desktop/Downloads/Mods/Nexys-Video-AXI-PS2-Keyboard-2018.2-1/vivado_proj/Nexys-Video-AXI-PS2-Keyboard.ipdefs/repo_0/local/ip/axi_ps2_1.0', nor could it be found using path 'C:/Users/Puszek/Downloads/Mods/Nexys-Video-AXI-PS2-Keyboard-2018.2-1/vivado_proj/Nexys-Video-AXI-PS2-Keyboard.ipdefs/repo_0/local/ip/axi_ps2_1.0'.
INFO: [IP_Flow 19-234] Refreshing IP repositories
INFO: [IP_Flow 19-1700] Loaded user IP repository 'c:/Users/dom/Desktop/Nowecos1/Nowe_coS/ip_repo/VGA_SQUAREDRAW_1.0'.
WARNING: [IP_Flow 19-2248] Failed to load user IP repository 'c:/Users/dom/Desktop/Downloads/Mods/Nexys-Video-AXI-PS2-Keyboard-2018.2-1/vivado_proj/Nexys-Video-AXI-PS2-Keyboard.ipdefs/repo_0/local/ip/axi_ps2_1.0'; Can't find the specified path.
If this directory should no longer be in your list of user repositories, go to the IP Settings dialog and remove it.
INFO: [IP_Flow 19-1700] Loaded user IP repository 'c:/Users/dom/Desktop/Nowecos1/Nowe_coS/ip_repo/VGA_Drawing_1.0'.
INFO: [IP_Flow 19-2313] Loaded Vivado IP repository 'C:/Xilinx/Vivado/2018.3/data/ip'.
WARNING: [BD 41-1661] One or more IPs have been locked in the design 'system.bd'. Please run report_ip_status for more details and recommendations on how to fix this issue.
List of locked IPs:
system_axi_ps2_0_0

open_project: Time (s): cpu = 00:00:31 ; elapsed = 00:00:17 . Memory (MB): peak = 846.426 ; gain = 236.785
exit
INFO: [Common 17-206] Exiting Vivado at Tue Sep  3 18:57:00 2019...
