22:29:46 INFO  : Registering command handlers for SDK TCF services
22:29:47 INFO  : Launching XSCT server: xsct.bat -interactive E:\Xilinx\Projects\Microblaze\Nowe_coS\project_1\project_1.sdk\temp_xsdb_launch_script.tcl
22:29:51 INFO  : XSCT server has started successfully.
22:29:52 INFO  : Successfully done setting XSCT server connection channel  
22:29:52 INFO  : Processing command line option -hwspec E:/Xilinx/Projects/Microblaze/Nowe_coS/project_1/project_1.sdk/system_wrapper.hdf.
22:29:52 INFO  : Successfully done setting SDK workspace  
22:30:35 INFO  : Connected to target on host '127.0.0.1' and port '3121'.
22:30:37 INFO  : 'targets -set -filter {jtag_cable_name =~ "Digilent Basys3 210183795575A" && level==0} -index 0' command is executed.
22:30:39 INFO  : FPGA configured successfully with bitstream "E:/Xilinx/Projects/Microblaze/Nowe_coS/project_1/project_1.sdk/system_wrapper_hw_platform_0/download.bit"
22:34:29 INFO  : 'targets -set -filter {jtag_cable_name =~ "Digilent Basys3 210183795575A" && level==0} -index 0' command is executed.
22:34:29 INFO  : 'fpga -state' command is executed.
22:34:29 INFO  : Connected to target on host '127.0.0.1' and port '3121'.
22:34:30 INFO  : Jtag cable 'Digilent Basys3 210183795575A' is selected.
22:34:30 INFO  : 'jtag frequency' command is executed.
22:34:30 INFO  : 'configparams mdm-detect-bscan-mask 2' command is executed.
22:34:30 INFO  : Context for processor 'microblaze_0' is selected.
22:34:30 INFO  : Processor reset is completed for 'microblaze_0'.
22:34:30 INFO  : Context for processor 'microblaze_0' is selected.
22:34:30 INFO  : The application 'E:/Xilinx/Projects/Microblaze/Nowe_coS/project_1/project_1.sdk/Shooter/Debug/Shooter.elf' is downloaded to processor 'microblaze_0'.
22:34:30 INFO  : ----------------XSDB Script----------------
connect -url tcp:127.0.0.1:3121
configparams mdm-detect-bscan-mask 2
targets -set -nocase -filter {name =~ "microblaze*#0" && bscan=="USER2"  && jtag_cable_name =~ "Digilent Basys3 210183795575A"} -index 0
rst -processor
targets -set -nocase -filter {name =~ "microblaze*#0" && bscan=="USER2"  && jtag_cable_name =~ "Digilent Basys3 210183795575A"} -index 0
dow E:/Xilinx/Projects/Microblaze/Nowe_coS/project_1/project_1.sdk/Shooter/Debug/Shooter.elf
----------------End of Script----------------

22:34:30 INFO  : Memory regions updated for context PA
22:34:30 INFO  : Memory regions updated for context PA
22:34:30 INFO  : Context for processor 'microblaze_0' is selected.
22:34:30 INFO  : 'con' command is executed.
22:34:30 INFO  : ----------------XSDB Script (After Launch)----------------
targets -set -nocase -filter {name =~ "microblaze*#0" && bscan=="USER2"  && jtag_cable_name =~ "Digilent Basys3 210183795575A"} -index 0
con
----------------End of Script----------------

22:34:30 INFO  : Launch script is exported to file 'E:\Xilinx\Projects\Microblaze\Nowe_coS\project_1\project_1.sdk\.sdk\launch_scripts\xilinx_c-c++_application_(system_debugger)\system_debugger_using_debug_shooter.elf_on_local.tcl'
22:37:33 INFO  : Disconnected from the channel tcfchan#1.
22:37:34 INFO  : 'targets -set -filter {jtag_cable_name =~ "Digilent Basys3 210183795575A" && level==0} -index 0' command is executed.
22:37:34 INFO  : 'fpga -state' command is executed.
22:37:34 INFO  : Connected to target on host '127.0.0.1' and port '3121'.
22:37:35 INFO  : Jtag cable 'Digilent Basys3 210183795575A' is selected.
22:37:35 INFO  : 'jtag frequency' command is executed.
22:37:35 INFO  : 'configparams mdm-detect-bscan-mask 2' command is executed.
22:37:35 INFO  : Context for processor 'microblaze_0' is selected.
22:37:35 INFO  : Processor reset is completed for 'microblaze_0'.
22:37:35 INFO  : Context for processor 'microblaze_0' is selected.
22:37:35 INFO  : The application 'E:/Xilinx/Projects/Microblaze/Nowe_coS/project_1/project_1.sdk/Shooter/Debug/Shooter.elf' is downloaded to processor 'microblaze_0'.
22:37:35 INFO  : ----------------XSDB Script----------------
connect -url tcp:127.0.0.1:3121
configparams mdm-detect-bscan-mask 2
targets -set -nocase -filter {name =~ "microblaze*#0" && bscan=="USER2"  && jtag_cable_name =~ "Digilent Basys3 210183795575A"} -index 0
rst -processor
targets -set -nocase -filter {name =~ "microblaze*#0" && bscan=="USER2"  && jtag_cable_name =~ "Digilent Basys3 210183795575A"} -index 0
dow E:/Xilinx/Projects/Microblaze/Nowe_coS/project_1/project_1.sdk/Shooter/Debug/Shooter.elf
----------------End of Script----------------

22:37:35 INFO  : Memory regions updated for context PA
22:37:35 INFO  : Memory regions updated for context PA
22:37:35 INFO  : Context for processor 'microblaze_0' is selected.
22:37:35 INFO  : 'con' command is executed.
22:37:35 INFO  : ----------------XSDB Script (After Launch)----------------
targets -set -nocase -filter {name =~ "microblaze*#0" && bscan=="USER2"  && jtag_cable_name =~ "Digilent Basys3 210183795575A"} -index 0
con
----------------End of Script----------------

22:37:35 INFO  : Launch script is exported to file 'E:\Xilinx\Projects\Microblaze\Nowe_coS\project_1\project_1.sdk\.sdk\launch_scripts\xilinx_c-c++_application_(system_debugger)\system_debugger_using_debug_shooter.elf_on_local.tcl'
22:38:35 INFO  : Disconnected from the channel tcfchan#2.
22:38:36 INFO  : 'targets -set -filter {jtag_cable_name =~ "Digilent Basys3 210183795575A" && level==0} -index 0' command is executed.
22:38:36 INFO  : 'fpga -state' command is executed.
22:38:36 INFO  : Connected to target on host '127.0.0.1' and port '3121'.
22:38:37 INFO  : Jtag cable 'Digilent Basys3 210183795575A' is selected.
22:38:37 INFO  : 'jtag frequency' command is executed.
22:38:37 INFO  : 'configparams mdm-detect-bscan-mask 2' command is executed.
22:38:37 INFO  : Context for processor 'microblaze_0' is selected.
22:38:37 INFO  : Processor reset is completed for 'microblaze_0'.
22:38:37 INFO  : Context for processor 'microblaze_0' is selected.
22:38:37 INFO  : The application 'E:/Xilinx/Projects/Microblaze/Nowe_coS/project_1/project_1.sdk/Shooter/Debug/Shooter.elf' is downloaded to processor 'microblaze_0'.
22:38:37 INFO  : ----------------XSDB Script----------------
connect -url tcp:127.0.0.1:3121
configparams mdm-detect-bscan-mask 2
targets -set -nocase -filter {name =~ "microblaze*#0" && bscan=="USER2"  && jtag_cable_name =~ "Digilent Basys3 210183795575A"} -index 0
rst -processor
targets -set -nocase -filter {name =~ "microblaze*#0" && bscan=="USER2"  && jtag_cable_name =~ "Digilent Basys3 210183795575A"} -index 0
dow E:/Xilinx/Projects/Microblaze/Nowe_coS/project_1/project_1.sdk/Shooter/Debug/Shooter.elf
----------------End of Script----------------

22:38:37 INFO  : Memory regions updated for context PA
22:38:37 INFO  : Memory regions updated for context PA
22:38:37 INFO  : Context for processor 'microblaze_0' is selected.
22:38:37 INFO  : 'con' command is executed.
22:38:37 INFO  : ----------------XSDB Script (After Launch)----------------
targets -set -nocase -filter {name =~ "microblaze*#0" && bscan=="USER2"  && jtag_cable_name =~ "Digilent Basys3 210183795575A"} -index 0
con
----------------End of Script----------------

22:38:37 INFO  : Launch script is exported to file 'E:\Xilinx\Projects\Microblaze\Nowe_coS\project_1\project_1.sdk\.sdk\launch_scripts\xilinx_c-c++_application_(system_debugger)\system_debugger_using_debug_shooter.elf_on_local.tcl'
22:39:02 INFO  : Disconnected from the channel tcfchan#3.
22:39:03 INFO  : 'targets -set -filter {jtag_cable_name =~ "Digilent Basys3 210183795575A" && level==0} -index 0' command is executed.
22:39:03 INFO  : 'fpga -state' command is executed.
22:39:03 INFO  : Connected to target on host '127.0.0.1' and port '3121'.
22:39:04 INFO  : Jtag cable 'Digilent Basys3 210183795575A' is selected.
22:39:04 INFO  : 'jtag frequency' command is executed.
22:39:04 INFO  : 'configparams mdm-detect-bscan-mask 2' command is executed.
22:39:04 INFO  : Context for processor 'microblaze_0' is selected.
22:39:04 INFO  : Processor reset is completed for 'microblaze_0'.
22:39:04 INFO  : Context for processor 'microblaze_0' is selected.
22:39:04 INFO  : The application 'E:/Xilinx/Projects/Microblaze/Nowe_coS/project_1/project_1.sdk/Shooter/Debug/Shooter.elf' is downloaded to processor 'microblaze_0'.
22:39:04 INFO  : ----------------XSDB Script----------------
connect -url tcp:127.0.0.1:3121
configparams mdm-detect-bscan-mask 2
targets -set -nocase -filter {name =~ "microblaze*#0" && bscan=="USER2"  && jtag_cable_name =~ "Digilent Basys3 210183795575A"} -index 0
rst -processor
targets -set -nocase -filter {name =~ "microblaze*#0" && bscan=="USER2"  && jtag_cable_name =~ "Digilent Basys3 210183795575A"} -index 0
dow E:/Xilinx/Projects/Microblaze/Nowe_coS/project_1/project_1.sdk/Shooter/Debug/Shooter.elf
----------------End of Script----------------

22:39:04 INFO  : Memory regions updated for context PA
22:39:04 INFO  : Memory regions updated for context PA
22:39:04 INFO  : Context for processor 'microblaze_0' is selected.
22:39:04 INFO  : 'con' command is executed.
22:39:04 INFO  : ----------------XSDB Script (After Launch)----------------
targets -set -nocase -filter {name =~ "microblaze*#0" && bscan=="USER2"  && jtag_cable_name =~ "Digilent Basys3 210183795575A"} -index 0
con
----------------End of Script----------------

22:39:04 INFO  : Launch script is exported to file 'E:\Xilinx\Projects\Microblaze\Nowe_coS\project_1\project_1.sdk\.sdk\launch_scripts\xilinx_c-c++_application_(system_debugger)\system_debugger_using_debug_shooter.elf_on_local.tcl'
22:39:24 INFO  : Disconnected from the channel tcfchan#4.
22:39:25 INFO  : 'targets -set -filter {jtag_cable_name =~ "Digilent Basys3 210183795575A" && level==0} -index 0' command is executed.
22:39:25 INFO  : 'fpga -state' command is executed.
22:39:25 INFO  : Connected to target on host '127.0.0.1' and port '3121'.
22:39:26 INFO  : Jtag cable 'Digilent Basys3 210183795575A' is selected.
22:39:26 INFO  : 'jtag frequency' command is executed.
22:39:26 INFO  : 'configparams mdm-detect-bscan-mask 2' command is executed.
22:39:26 INFO  : Context for processor 'microblaze_0' is selected.
22:39:26 INFO  : Processor reset is completed for 'microblaze_0'.
22:39:26 INFO  : Context for processor 'microblaze_0' is selected.
22:39:26 INFO  : The application 'E:/Xilinx/Projects/Microblaze/Nowe_coS/project_1/project_1.sdk/Shooter/Debug/Shooter.elf' is downloaded to processor 'microblaze_0'.
22:39:26 INFO  : ----------------XSDB Script----------------
connect -url tcp:127.0.0.1:3121
configparams mdm-detect-bscan-mask 2
targets -set -nocase -filter {name =~ "microblaze*#0" && bscan=="USER2"  && jtag_cable_name =~ "Digilent Basys3 210183795575A"} -index 0
rst -processor
targets -set -nocase -filter {name =~ "microblaze*#0" && bscan=="USER2"  && jtag_cable_name =~ "Digilent Basys3 210183795575A"} -index 0
dow E:/Xilinx/Projects/Microblaze/Nowe_coS/project_1/project_1.sdk/Shooter/Debug/Shooter.elf
----------------End of Script----------------

22:39:26 INFO  : Memory regions updated for context PA
22:39:26 INFO  : Memory regions updated for context PA
22:39:26 INFO  : Context for processor 'microblaze_0' is selected.
22:39:26 INFO  : 'con' command is executed.
22:39:26 INFO  : ----------------XSDB Script (After Launch)----------------
targets -set -nocase -filter {name =~ "microblaze*#0" && bscan=="USER2"  && jtag_cable_name =~ "Digilent Basys3 210183795575A"} -index 0
con
----------------End of Script----------------

22:39:26 INFO  : Launch script is exported to file 'E:\Xilinx\Projects\Microblaze\Nowe_coS\project_1\project_1.sdk\.sdk\launch_scripts\xilinx_c-c++_application_(system_debugger)\system_debugger_using_debug_shooter.elf_on_local.tcl'
22:41:09 INFO  : Disconnected from the channel tcfchan#5.
22:52:44 INFO  : Registering command handlers for SDK TCF services
22:52:45 INFO  : Launching XSCT server: xsct.bat -interactive E:\Xilinx\Projects\Microblaze\Nowe_coS\project_1\project_1.sdk\temp_xsdb_launch_script.tcl
22:52:49 INFO  : XSCT server has started successfully.
22:52:49 INFO  : Successfully done setting XSCT server connection channel  
22:52:49 INFO  : Processing command line option -hwspec E:/Xilinx/Projects/Microblaze/Nowe_coS/project_1/project_1.sdk/system_wrapper.hdf.
22:52:49 INFO  : Successfully done setting SDK workspace  
22:52:50 INFO  : Checking for hwspec changes in the project system_wrapper_hw_platform_0.
22:53:17 INFO  : Connected to target on host '127.0.0.1' and port '3121'.
22:53:19 INFO  : 'targets -set -filter {jtag_cable_name =~ "Digilent Basys3 210183795575A" && level==0} -index 0' command is executed.
22:53:20 INFO  : FPGA configured successfully with bitstream "E:/Xilinx/Projects/Microblaze/Nowe_coS/project_1/project_1.sdk/system_wrapper_hw_platform_0/download.bit"
22:53:49 INFO  : 'targets -set -filter {jtag_cable_name =~ "Digilent Basys3 210183795575A" && level==0} -index 0' command is executed.
22:53:49 INFO  : 'fpga -state' command is executed.
22:53:49 INFO  : Connected to target on host '127.0.0.1' and port '3121'.
22:53:49 INFO  : Jtag cable 'Digilent Basys3 210183795575A' is selected.
22:53:49 INFO  : 'jtag frequency' command is executed.
22:53:49 INFO  : 'configparams mdm-detect-bscan-mask 2' command is executed.
22:53:49 INFO  : Context for processor 'microblaze_0' is selected.
22:53:49 INFO  : Processor reset is completed for 'microblaze_0'.
22:53:49 INFO  : Context for processor 'microblaze_0' is selected.
22:53:49 INFO  : The application 'E:/Xilinx/Projects/Microblaze/Nowe_coS/project_1/project_1.sdk/Shooter/Debug/Shooter.elf' is downloaded to processor 'microblaze_0'.
22:53:49 INFO  : ----------------XSDB Script----------------
connect -url tcp:127.0.0.1:3121
configparams mdm-detect-bscan-mask 2
targets -set -nocase -filter {name =~ "microblaze*#0" && bscan=="USER2"  && jtag_cable_name =~ "Digilent Basys3 210183795575A"} -index 0
rst -processor
targets -set -nocase -filter {name =~ "microblaze*#0" && bscan=="USER2"  && jtag_cable_name =~ "Digilent Basys3 210183795575A"} -index 0
dow E:/Xilinx/Projects/Microblaze/Nowe_coS/project_1/project_1.sdk/Shooter/Debug/Shooter.elf
----------------End of Script----------------

22:53:50 INFO  : Memory regions updated for context PA
22:53:50 INFO  : Memory regions updated for context PA
22:53:50 INFO  : Context for processor 'microblaze_0' is selected.
22:53:50 INFO  : 'con' command is executed.
22:53:50 INFO  : ----------------XSDB Script (After Launch)----------------
targets -set -nocase -filter {name =~ "microblaze*#0" && bscan=="USER2"  && jtag_cable_name =~ "Digilent Basys3 210183795575A"} -index 0
con
----------------End of Script----------------

22:53:50 INFO  : Launch script is exported to file 'E:\Xilinx\Projects\Microblaze\Nowe_coS\project_1\project_1.sdk\.sdk\launch_scripts\xilinx_c-c++_application_(system_debugger)\system_debugger_using_debug_shooter.elf_on_local.tcl'
22:54:02 INFO  : Disconnected from the channel tcfchan#1.
22:55:32 INFO  : Registering command handlers for SDK TCF services
22:55:33 INFO  : Launching XSCT server: xsct.bat -interactive E:\Xilinx\Projects\Microblaze\Nowe_coS\project_1\project_1.sdk\temp_xsdb_launch_script.tcl
22:55:36 INFO  : XSCT server has started successfully.
22:55:36 INFO  : Successfully done setting XSCT server connection channel  
22:55:36 INFO  : Successfully done setting SDK workspace  
22:55:36 INFO  : Processing command line option -hwspec E:/Xilinx/Projects/Microblaze/Nowe_coS/project_1/project_1.sdk/system_wrapper.hdf.
22:56:15 INFO  : Connected to target on host '127.0.0.1' and port '3121'.
22:56:16 INFO  : 'targets -set -filter {jtag_cable_name =~ "Digilent Basys3 210183795575A" && level==0} -index 0' command is executed.
22:56:18 INFO  : FPGA configured successfully with bitstream "E:/Xilinx/Projects/Microblaze/Nowe_coS/project_1/project_1.sdk/system_wrapper_hw_platform_0/download.bit"
22:57:20 INFO  : 'targets -set -filter {jtag_cable_name =~ "Digilent Basys3 210183795575A" && level==0} -index 0' command is executed.
22:57:20 INFO  : 'fpga -state' command is executed.
22:57:20 INFO  : Connected to target on host '127.0.0.1' and port '3121'.
22:57:21 INFO  : Jtag cable 'Digilent Basys3 210183795575A' is selected.
22:57:21 INFO  : 'jtag frequency' command is executed.
22:57:21 INFO  : 'configparams mdm-detect-bscan-mask 2' command is executed.
22:57:21 INFO  : Context for processor 'microblaze_0' is selected.
22:57:21 INFO  : Processor reset is completed for 'microblaze_0'.
22:57:21 INFO  : Context for processor 'microblaze_0' is selected.
22:57:21 INFO  : The application 'E:/Xilinx/Projects/Microblaze/Nowe_coS/project_1/project_1.sdk/Shooter/Debug/Shooter.elf' is downloaded to processor 'microblaze_0'.
22:57:21 INFO  : ----------------XSDB Script----------------
connect -url tcp:127.0.0.1:3121
configparams mdm-detect-bscan-mask 2
targets -set -nocase -filter {name =~ "microblaze*#0" && bscan=="USER2"  && jtag_cable_name =~ "Digilent Basys3 210183795575A"} -index 0
rst -processor
targets -set -nocase -filter {name =~ "microblaze*#0" && bscan=="USER2"  && jtag_cable_name =~ "Digilent Basys3 210183795575A"} -index 0
dow E:/Xilinx/Projects/Microblaze/Nowe_coS/project_1/project_1.sdk/Shooter/Debug/Shooter.elf
----------------End of Script----------------

22:57:21 INFO  : Memory regions updated for context PA
22:57:21 INFO  : Memory regions updated for context PA
22:57:21 INFO  : Context for processor 'microblaze_0' is selected.
22:57:21 INFO  : 'con' command is executed.
22:57:21 INFO  : ----------------XSDB Script (After Launch)----------------
targets -set -nocase -filter {name =~ "microblaze*#0" && bscan=="USER2"  && jtag_cable_name =~ "Digilent Basys3 210183795575A"} -index 0
con
----------------End of Script----------------

22:57:21 INFO  : Launch script is exported to file 'E:\Xilinx\Projects\Microblaze\Nowe_coS\project_1\project_1.sdk\.sdk\launch_scripts\xilinx_c-c++_application_(system_debugger)\system_debugger_using_debug_shooter.elf_on_local.tcl'
22:57:35 INFO  : Disconnected from the channel tcfchan#1.
23:15:24 INFO  : Launching XSCT server: xsct.bat -interactive E:\Xilinx\Projects\Microblaze\Nowe_coS\project_1\project_1.sdk\temp_xsdb_launch_script.tcl
23:15:27 INFO  : XSCT server has started successfully.
23:15:29 INFO  : Successfully done setting XSCT server connection channel  
23:15:30 INFO  : Successfully done setting SDK workspace  
23:15:32 INFO  : Registering command handlers for SDK TCF services
23:15:33 INFO  : Processing command line option -hwspec E:/Xilinx/Projects/Microblaze/Nowe_coS/project_1/project_1.sdk/system_wrapper.hdf.
23:15:34 INFO  : Checking for hwspec changes in the project system_wrapper_hw_platform_0.
23:15:34 INFO  : SDK has detected change in the last modified timestamps for source hardware specification file Source:1567976844090,  Project:1567974518079
23:15:34 INFO  : The hardware specification for project 'system_wrapper_hw_platform_0' is different from E:/Xilinx/Projects/Microblaze/Nowe_coS/project_1/project_1.sdk/system_wrapper.hdf.
23:15:35 INFO  : Copied contents of E:/Xilinx/Projects/Microblaze/Nowe_coS/project_1/project_1.sdk/system_wrapper.hdf into \system_wrapper_hw_platform_0\system.hdf.
23:15:36 INFO  : Synchronizing projects in the workspace with the hardware platform specification changes.
23:15:37 INFO  : 
23:15:40 INFO  : Updating hardware inferred compiler options for Shooter.
23:15:40 INFO  : Clearing existing target manager status.
23:15:40 INFO  : Workspace synchronized with the new hardware specification file. Cleaning dependent projects...
23:15:41 WARN  : Linker script will not be updated automatically. Users need to update it manually.
23:16:37 INFO  : Connected to target on host '127.0.0.1' and port '3121'.
23:16:39 INFO  : 'targets -set -filter {jtag_cable_name =~ "Digilent Basys3 210183795575A" && level==0} -index 0' command is executed.
23:16:40 INFO  : FPGA configured successfully with bitstream "E:/Xilinx/Projects/Microblaze/Nowe_coS/project_1/project_1.sdk/system_wrapper_hw_platform_0/download.bit"
23:16:51 INFO  : 'targets -set -filter {jtag_cable_name =~ "Digilent Basys3 210183795575A" && level==0} -index 0' command is executed.
23:16:51 INFO  : 'fpga -state' command is executed.
23:16:51 INFO  : Connected to target on host '127.0.0.1' and port '3121'.
23:16:51 INFO  : Jtag cable 'Digilent Basys3 210183795575A' is selected.
23:16:51 INFO  : 'jtag frequency' command is executed.
23:16:51 INFO  : 'configparams mdm-detect-bscan-mask 2' command is executed.
23:16:51 INFO  : Context for processor 'microblaze_0' is selected.
23:16:51 INFO  : Processor reset is completed for 'microblaze_0'.
23:16:51 INFO  : Context for processor 'microblaze_0' is selected.
23:16:51 INFO  : The application 'E:/Xilinx/Projects/Microblaze/Nowe_coS/project_1/project_1.sdk/Shooter/Debug/Shooter.elf' is downloaded to processor 'microblaze_0'.
23:16:51 INFO  : ----------------XSDB Script----------------
connect -url tcp:127.0.0.1:3121
configparams mdm-detect-bscan-mask 2
targets -set -nocase -filter {name =~ "microblaze*#0" && bscan=="USER2"  && jtag_cable_name =~ "Digilent Basys3 210183795575A"} -index 0
rst -processor
targets -set -nocase -filter {name =~ "microblaze*#0" && bscan=="USER2"  && jtag_cable_name =~ "Digilent Basys3 210183795575A"} -index 0
dow E:/Xilinx/Projects/Microblaze/Nowe_coS/project_1/project_1.sdk/Shooter/Debug/Shooter.elf
----------------End of Script----------------

23:16:51 INFO  : Memory regions updated for context PA
23:16:51 INFO  : Memory regions updated for context PA
23:16:51 INFO  : Context for processor 'microblaze_0' is selected.
23:16:51 INFO  : 'con' command is executed.
23:16:51 INFO  : ----------------XSDB Script (After Launch)----------------
targets -set -nocase -filter {name =~ "microblaze*#0" && bscan=="USER2"  && jtag_cable_name =~ "Digilent Basys3 210183795575A"} -index 0
con
----------------End of Script----------------

23:16:51 INFO  : Launch script is exported to file 'E:\Xilinx\Projects\Microblaze\Nowe_coS\project_1\project_1.sdk\.sdk\launch_scripts\xilinx_c-c++_application_(system_debugger)\system_debugger_using_debug_shooter.elf_on_local.tcl'
23:17:11 INFO  : Disconnected from the channel tcfchan#1.
